[INFO] Scanning for projects...
[INFO] 
[INFO] ----------------------< commons-cli:commons-cli >-----------------------
[INFO] Building Apache Commons CLI 1.4-SNAPSHOT
[INFO] --------------------------------[ jar ]---------------------------------
[INFO] 
[INFO] --- clover-maven-plugin:4.4.1:setup (default-cli) @ commons-cli ---
[INFO] OpenClover Version 4.4.1, built on October 11 2019 (build-1020)
[INFO] Creating new database at '/s/smith/b/nobackup/mkshin/Spring2020/Research/Clover/commonCLI/workingDir/target/clover/clover.db'.
[INFO] Processing files at 1.8 source level.
[INFO] Clover all over. Instrumented 23 files (1 package).
[INFO] OpenClover Version 4.4.1, built on October 11 2019 (build-1020)
[INFO] Updating existing database at '/s/smith/b/nobackup/mkshin/Spring2020/Research/Clover/commonCLI/workingDir/target/clover/clover.db'.
[INFO] Processing files at 1.8 source level.
[INFO] Clover all over. Instrumented 27 files (2 packages).
[INFO] 252 test methods detected.
[INFO] 
[INFO] --- clover-maven-plugin:4.4.1:optimize (default-cli) @ commons-cli ---
[INFO] Adding fileset: directory=/s/smith/b/nobackup/mkshin/Spring2020/Research/Clover/commonCLI/workingDir/target/clover/src-test-instrumented, includes=[**/Test*.java, **/*Test.java, **/*TestCase.java], excludes=null
[INFO] Clover is not optimizing this test run as no test snapshot file was found at '/s/smith/b/nobackup/mkshin/Spring2020/Research/Clover/commonCLI/workingDir/.clover/clover.snapshot'.
[INFO] Clover was unable to save any time on this optimized test run.
[INFO] Clover included 27 test classes in this run (total # test classes : 27)
[INFO] 
[INFO] --- maven-enforcer-plugin:1.3.1:enforce (enforce-maven-3) @ commons-cli ---
[INFO] 
[INFO] --- build-helper-maven-plugin:1.8:parse-version (parse-version) @ commons-cli ---
[INFO] 
[INFO] --- maven-antrun-plugin:1.7:run (javadoc.resources) @ commons-cli ---
[INFO] Executing tasks

main:
     [copy] Copying 2 files to /s/smith/b/nobackup/mkshin/Spring2020/Research/Clover/commonCLI/workingDir/target/apidocs/META-INF
[INFO] Executed tasks
[INFO] 
[INFO] --- maven-remote-resources-plugin:1.5:process (default) @ commons-cli ---
[INFO] 
[INFO] --- buildnumber-maven-plugin:1.3:create (default) @ commons-cli ---
[INFO] Executing: /bin/sh -c cd /s/smith/b/nobackup/mkshin/Spring2020/Research/Clover/commonCLI/workingDir && svn --non-interactive info
[INFO] Working directory: /s/smith/b/nobackup/mkshin/Spring2020/Research/Clover/commonCLI/workingDir
[INFO] Storing buildNumber: ?????? at timestamp: 1589867953343
[INFO] Executing: /bin/sh -c cd /s/smith/b/nobackup/mkshin/Spring2020/Research/Clover/commonCLI/workingDir && svn --non-interactive info
[INFO] Working directory: /s/smith/b/nobackup/mkshin/Spring2020/Research/Clover/commonCLI/workingDir
[INFO] Storing buildScmBranch: UNKNOWN_BRANCH
[INFO] 
[INFO] --- maven-resources-plugin:2.7:resources (default-resources) @ commons-cli ---
[INFO] Using 'utf-8' encoding to copy filtered resources.
[INFO] skip non existing resourceDirectory /s/smith/b/nobackup/mkshin/Spring2020/Research/Clover/commonCLI/workingDir/src/main/resources
[INFO] Copying 2 resources to META-INF
[INFO] Copying 1 resource
[INFO] 
[INFO] --- maven-compiler-plugin:3.2:compile (default-compile) @ commons-cli ---
[INFO] Changes detected - recompiling the module!
[INFO] Compiling 23 source files to /s/smith/b/nobackup/mkshin/Spring2020/Research/Clover/commonCLI/workingDir/target/classes
[INFO] /s/smith/b/nobackup/mkshin/Spring2020/Research/Clover/commonCLI/workingDir/target/clover/src-instrumented/org/apache/commons/cli/Parser.java: Some input files use unchecked or unsafe operations.
[INFO] /s/smith/b/nobackup/mkshin/Spring2020/Research/Clover/commonCLI/workingDir/target/clover/src-instrumented/org/apache/commons/cli/Parser.java: Recompile with -Xlint:unchecked for details.
[INFO] 
[INFO] --- maven-bundle-plugin:2.5.3:manifest (bundle-manifest) @ commons-cli ---
[INFO] 
[INFO] --- animal-sniffer-maven-plugin:1.13:check (checkAPIcompatibility) @ commons-cli ---
[INFO] Checking unresolved references to org.codehaus.mojo.signature:java15:1.0
[INFO] ------------------------------------------------------------------------
[INFO] BUILD FAILURE
[INFO] ------------------------------------------------------------------------
[INFO] Total time: 8.414 s
[INFO] Finished at: 2020-05-18T23:59:17-06:00
[INFO] ------------------------------------------------------------------------
[ERROR] Failed to execute goal org.codehaus.mojo:animal-sniffer-maven-plugin:1.13:check (checkAPIcompatibility) on project commons-cli: Execution checkAPIcompatibility of goal org.codehaus.mojo:animal-sniffer-maven-plugin:1.13:check failed.: IllegalArgumentException -> [Help 1]
[ERROR] 
[ERROR] To see the full stack trace of the errors, re-run Maven with the -e switch.
[ERROR] Re-run Maven using the -X switch to enable full debug logging.
[ERROR] 
[ERROR] For more information about the errors and possible solutions, please read the following articles:
[ERROR] [Help 1] http://cwiki.apache.org/confluence/display/MAVEN/PluginExecutionException
