<?xml version="1.0" encoding="UTF-8"?>
<testsuite name="org.asteriskjava.fastagi.DefaultAgiServerTest" time="0.174" tests="4" errors="0" skipped="0" failures="0">
  <properties>
[...]
</properties>
  <testcase name="testDummy" classname="org.asteriskjava.fastagi.DefaultAgiServerTest" time="0.171"/>
  <testcase name="testLoadConfigWithPort" classname="org.asteriskjava.fastagi.DefaultAgiServerTest" time="0.001"/>
  <testcase name="testLoadConfigWithBindPort" classname="org.asteriskjava.fastagi.DefaultAgiServerTest" time="0.001"/>
  <testcase name="testLoadConfigWithDefaultPort" classname="org.asteriskjava.fastagi.DefaultAgiServerTest" time="0.001"/>
</testsuite>