<?xml version="1.0" encoding="UTF-8"?>
<testsuite xmlns:xsi="http://www.w3.org/2001/XMLSchema-instance" xsi:noNamespaceSchemaLocation="https://maven.apache.org/surefire/maven-surefire-plugin/xsd/surefire-test-report.xsd" name="org.apache.commons.collections4.CollectionUtilsTest" time="0.208" tests="115" errors="0" skipped="0" failures="0">
  <properties>
[...]
</properties>
  <testcase name="forAllDoIterator" classname="org.apache.commons.collections4.CollectionUtilsTest" time="0.017"/>
  <testcase name="countMatches" classname="org.apache.commons.collections4.CollectionUtilsTest" time="0.004"/>
  <testcase name="getCardinalityMap" classname="org.apache.commons.collections4.CollectionUtilsTest" time="0"/>
  <testcase name="testIsEmptyWithNull" classname="org.apache.commons.collections4.CollectionUtilsTest" time="0"/>
  <testcase name="testIsEmptyWithNonEmptyCollection" classname="org.apache.commons.collections4.CollectionUtilsTest" time="0"/>
  <testcase name="testIsEmptyWithEmptyCollection" classname="org.apache.commons.collections4.CollectionUtilsTest" time="0"/>
  <testcase name="testIsEqualCollection2" classname="org.apache.commons.collections4.CollectionUtilsTest" time="0.001"/>
  <testcase name="filterNullParameters" classname="org.apache.commons.collections4.CollectionUtilsTest" time="0"/>
  <testcase name="transform1" classname="org.apache.commons.collections4.CollectionUtilsTest" time="0"/>
  <testcase name="transform2" classname="org.apache.commons.collections4.CollectionUtilsTest" time="0"/>
  <testcase name="testIsEqualCollection" classname="org.apache.commons.collections4.CollectionUtilsTest" time="0"/>
  <testcase name="testRemoveCountNegative" classname="org.apache.commons.collections4.CollectionUtilsTest" time="0"/>
  <testcase name="testSizeIsEmpty_Enumeration" classname="org.apache.commons.collections4.CollectionUtilsTest" time="0"/>
  <testcase name="testIsSubCollection2" classname="org.apache.commons.collections4.CollectionUtilsTest" time="0"/>
  <testcase name="testRemoveRangeEndIndexNegative" classname="org.apache.commons.collections4.CollectionUtilsTest" time="0"/>
  <testcase name="testIsProperSubCollection" classname="org.apache.commons.collections4.CollectionUtilsTest" time="0.003"/>
  <testcase name="addAllForElements" classname="org.apache.commons.collections4.CollectionUtilsTest" time="0.001"/>
  <testcase name="testSubtract" classname="org.apache.commons.collections4.CollectionUtilsTest" time="0"/>
  <testcase name="getNegative" classname="org.apache.commons.collections4.CollectionUtilsTest" time="0"/>
  <testcase name="testIsEqualCollectionReturnsFalse" classname="org.apache.commons.collections4.CollectionUtilsTest" time="0"/>
  <testcase name="exists" classname="org.apache.commons.collections4.CollectionUtilsTest" time="0.001"/>
  <testcase name="filter" classname="org.apache.commons.collections4.CollectionUtilsTest" time="0"/>
  <testcase name="getFromEnumeration" classname="org.apache.commons.collections4.CollectionUtilsTest" time="0.001"/>
  <testcase name="isFull" classname="org.apache.commons.collections4.CollectionUtilsTest" time="0.004"/>
  <testcase name="testTransformedCollection" classname="org.apache.commons.collections4.CollectionUtilsTest" time="0.002"/>
  <testcase name="testRemoveCountWrongCount" classname="org.apache.commons.collections4.CollectionUtilsTest" time="0"/>
  <testcase name="getIterator" classname="org.apache.commons.collections4.CollectionUtilsTest" time="0"/>
  <testcase name="containsAnyInCollection" classname="org.apache.commons.collections4.CollectionUtilsTest" time="0"/>
  <testcase name="testIsNotEmptyWithNull" classname="org.apache.commons.collections4.CollectionUtilsTest" time="0"/>
  <testcase name="testRemoveCount" classname="org.apache.commons.collections4.CollectionUtilsTest" time="0"/>
  <testcase name="testRemoveRange" classname="org.apache.commons.collections4.CollectionUtilsTest" time="0"/>
  <testcase name="intersectionUsesMethodEquals" classname="org.apache.commons.collections4.CollectionUtilsTest" time="0"/>
  <testcase name="getFromPrimitiveArray" classname="org.apache.commons.collections4.CollectionUtilsTest" time="0.002"/>
  <testcase name="addAllForEnumeration" classname="org.apache.commons.collections4.CollectionUtilsTest" time="0"/>
  <testcase name="select" classname="org.apache.commons.collections4.CollectionUtilsTest" time="0"/>
  <testcase name="forAllButLastDoCollection" classname="org.apache.commons.collections4.CollectionUtilsTest" time="0.001"/>
  <testcase name="testSize_PrimitiveArray" classname="org.apache.commons.collections4.CollectionUtilsTest" time="0"/>
  <testcase name="testRetainAll" classname="org.apache.commons.collections4.CollectionUtilsTest" time="0.002"/>
  <testcase name="testSizeIsEmpty_PrimitiveArray" classname="org.apache.commons.collections4.CollectionUtilsTest" time="0"/>
  <testcase name="emptyCollection" classname="org.apache.commons.collections4.CollectionUtilsTest" time="0.001"/>
  <testcase name="testRemoveRangeWrongEndIndex" classname="org.apache.commons.collections4.CollectionUtilsTest" time="0"/>
  <testcase name="containsAnyInArray" classname="org.apache.commons.collections4.CollectionUtilsTest" time="0.001"/>
  <testcase name="disjunction" classname="org.apache.commons.collections4.CollectionUtilsTest" time="0"/>
  <testcase name="testSubtractWithPredicate" classname="org.apache.commons.collections4.CollectionUtilsTest" time="0"/>
  <testcase name="testTransformedCollection_2" classname="org.apache.commons.collections4.CollectionUtilsTest" time="0"/>
  <testcase name="addAllForIterable" classname="org.apache.commons.collections4.CollectionUtilsTest" time="0.032"/>
  <testcase name="cardinalityOfNull" classname="org.apache.commons.collections4.CollectionUtilsTest" time="0.001"/>
  <testcase name="collateException1" classname="org.apache.commons.collections4.CollectionUtilsTest" time="0.002"/>
  <testcase name="collateException2" classname="org.apache.commons.collections4.CollectionUtilsTest" time="0"/>
  <testcase name="extractSingleton" classname="org.apache.commons.collections4.CollectionUtilsTest" time="0"/>
  <testcase name="testSizeIsEmpty_List" classname="org.apache.commons.collections4.CollectionUtilsTest" time="0"/>
  <testcase name="testSizeIsEmpty_Null" classname="org.apache.commons.collections4.CollectionUtilsTest" time="0"/>
  <testcase name="testIsSubCollectionOfSelf" classname="org.apache.commons.collections4.CollectionUtilsTest" time="0"/>
  <testcase name="testSizeIsEmpty_Map" classname="org.apache.commons.collections4.CollectionUtilsTest" time="0"/>
  <testcase name="get" classname="org.apache.commons.collections4.CollectionUtilsTest" time="0"/>
  <testcase name="find" classname="org.apache.commons.collections4.CollectionUtilsTest" time="0"/>
  <testcase name="get1" classname="org.apache.commons.collections4.CollectionUtilsTest" time="0"/>
  <testcase name="testIsEqualCollectionEquator" classname="org.apache.commons.collections4.CollectionUtilsTest" time="0.002"/>
  <testcase name="testRemoveCountStartNegative" classname="org.apache.commons.collections4.CollectionUtilsTest" time="0"/>
  <testcase name="getPositiveOutOfBounds" classname="org.apache.commons.collections4.CollectionUtilsTest" time="0"/>
  <testcase name="union" classname="org.apache.commons.collections4.CollectionUtilsTest" time="0"/>
  <testcase name="intersection" classname="org.apache.commons.collections4.CollectionUtilsTest" time="0"/>
  <testcase name="containsAll" classname="org.apache.commons.collections4.CollectionUtilsTest" time="0"/>
  <testcase name="getFromObjectArray" classname="org.apache.commons.collections4.CollectionUtilsTest" time="0.001"/>
  <testcase name="testRemoveRangeEndLowStart" classname="org.apache.commons.collections4.CollectionUtilsTest" time="0"/>
  <testcase name="selectRejected" classname="org.apache.commons.collections4.CollectionUtilsTest" time="0"/>
  <testcase name="getFromIterable" classname="org.apache.commons.collections4.CollectionUtilsTest" time="0.002"/>
  <testcase name="getFromIterator" classname="org.apache.commons.collections4.CollectionUtilsTest" time="0"/>
  <testcase name="getFromMap" classname="org.apache.commons.collections4.CollectionUtilsTest" time="0"/>
  <testcase name="testPermutationsWithNullCollection" classname="org.apache.commons.collections4.CollectionUtilsTest" time="0"/>
  <testcase name="testCollateIgnoreDuplicates" classname="org.apache.commons.collections4.CollectionUtilsTest" time="0.001"/>
  <testcase name="testCollate" classname="org.apache.commons.collections4.CollectionUtilsTest" time="0.002"/>
  <testcase name="forAllDoCollection" classname="org.apache.commons.collections4.CollectionUtilsTest" time="0"/>
  <testcase name="testRetainAllWithEquator" classname="org.apache.commons.collections4.CollectionUtilsTest" time="0.001"/>
  <testcase name="predicatedCollection" classname="org.apache.commons.collections4.CollectionUtilsTest" time="0.007"/>
  <testcase name="testRemoveCountWithNull" classname="org.apache.commons.collections4.CollectionUtilsTest" time="0"/>
  <testcase name="testIsSubCollection" classname="org.apache.commons.collections4.CollectionUtilsTest" time="0"/>
  <testcase name="getFromList" classname="org.apache.commons.collections4.CollectionUtilsTest" time="0.003"/>
  <testcase name="maxSize" classname="org.apache.commons.collections4.CollectionUtilsTest" time="0"/>
  <testcase name="cardinality" classname="org.apache.commons.collections4.CollectionUtilsTest" time="0"/>
  <testcase name="testSynchronizedCollection" classname="org.apache.commons.collections4.CollectionUtilsTest" time="0.001"/>
  <testcase name="emptyIfNull" classname="org.apache.commons.collections4.CollectionUtilsTest" time="0"/>
  <testcase name="getEnumeration" classname="org.apache.commons.collections4.CollectionUtilsTest" time="0"/>
  <testcase name="addIgnoreNull" classname="org.apache.commons.collections4.CollectionUtilsTest" time="0"/>
  <testcase name="collect" classname="org.apache.commons.collections4.CollectionUtilsTest" time="0.001"/>
  <testcase name="testDisjunctionAsUnionMinusIntersection" classname="org.apache.commons.collections4.CollectionUtilsTest" time="0.002"/>
  <testcase name="testUnmodifiableCollection" classname="org.apache.commons.collections4.CollectionUtilsTest" time="0"/>
  <testcase name="reverse" classname="org.apache.commons.collections4.CollectionUtilsTest" time="0"/>
  <testcase name="testMatchesAll" classname="org.apache.commons.collections4.CollectionUtilsTest" time="0.004"/>
  <testcase name="testSize_List" classname="org.apache.commons.collections4.CollectionUtilsTest" time="0"/>
  <testcase name="testIsEqualCollectionNullEquator" classname="org.apache.commons.collections4.CollectionUtilsTest" time="0"/>
  <testcase name="testRemoveRangeNull" classname="org.apache.commons.collections4.CollectionUtilsTest" time="0"/>
  <testcase name="testSize_Enumeration" classname="org.apache.commons.collections4.CollectionUtilsTest" time="0"/>
  <testcase name="testSizeIsEmpty_Iterator" classname="org.apache.commons.collections4.CollectionUtilsTest" time="0"/>
  <testcase name="filterInverse" classname="org.apache.commons.collections4.CollectionUtilsTest" time="0"/>
  <testcase name="forAllDoFailure" classname="org.apache.commons.collections4.CollectionUtilsTest" time="0"/>
  <testcase name="testSizeIsEmpty_Array" classname="org.apache.commons.collections4.CollectionUtilsTest" time="0"/>
  <testcase name="filterInverseNullParameters" classname="org.apache.commons.collections4.CollectionUtilsTest" time="0"/>
  <testcase name="testSize_Map" classname="org.apache.commons.collections4.CollectionUtilsTest" time="0"/>
  <testcase name="testSizeIsEmpty_Other" classname="org.apache.commons.collections4.CollectionUtilsTest" time="0"/>
  <testcase name="testIsNotEmptyWithNonEmptyCollection" classname="org.apache.commons.collections4.CollectionUtilsTest" time="0"/>
  <testcase name="testDisjunctionAsSymmetricDifference" classname="org.apache.commons.collections4.CollectionUtilsTest" time="0"/>
  <testcase name="testPermutations" classname="org.apache.commons.collections4.CollectionUtilsTest" time="0"/>
  <testcase name="testSize_Iterator" classname="org.apache.commons.collections4.CollectionUtilsTest" time="0"/>
  <testcase name="testIsEqualCollectionToSelf" classname="org.apache.commons.collections4.CollectionUtilsTest" time="0"/>
  <testcase name="getFromObject" classname="org.apache.commons.collections4.CollectionUtilsTest" time="0"/>
  <testcase name="testSize_Array" classname="org.apache.commons.collections4.CollectionUtilsTest" time="0"/>
  <testcase name="testSize_Other" classname="org.apache.commons.collections4.CollectionUtilsTest" time="0"/>
  <testcase name="forAllButLastDoIterator" classname="org.apache.commons.collections4.CollectionUtilsTest" time="0"/>
  <testcase name="testRemoveRangeStartIndexNegative" classname="org.apache.commons.collections4.CollectionUtilsTest" time="0"/>
  <testcase name="testRemoveAll" classname="org.apache.commons.collections4.CollectionUtilsTest" time="0"/>
  <testcase name="testRemoveAllWithEquator" classname="org.apache.commons.collections4.CollectionUtilsTest" time="0.002"/>
  <testcase name="isEmpty" classname="org.apache.commons.collections4.CollectionUtilsTest" time="0"/>
  <testcase name="selectWithOutputCollections" classname="org.apache.commons.collections4.CollectionUtilsTest" time="0.001"/>
  <testcase name="testIsNotEmptyWithEmptyCollection" classname="org.apache.commons.collections4.CollectionUtilsTest" time="0"/>
</testsuite>