<?xml version="1.0" encoding="UTF-8"?>
<testsuite xmlns:xsi="http://www.w3.org/2001/XMLSchema-instance" xsi:noNamespaceSchemaLocation="https://maven.apache.org/surefire/maven-surefire-plugin/xsd/surefire-test-report.xsd" name="org.apache.commons.collections4.PredicateUtilsTest" time="0.081" tests="65" errors="0" skipped="0" failures="0">
  <properties>
[...]
</properties>
  <testcase name="testTruePredicate" classname="org.apache.commons.collections4.PredicateUtilsTest" time="0"/>
  <testcase name="testAnyPredicateEx1" classname="org.apache.commons.collections4.PredicateUtilsTest" time="0.003"/>
  <testcase name="testAnyPredicateEx2" classname="org.apache.commons.collections4.PredicateUtilsTest" time="0"/>
  <testcase name="testAnyPredicateEx3" classname="org.apache.commons.collections4.PredicateUtilsTest" time="0"/>
  <testcase name="testAnyPredicateEx4" classname="org.apache.commons.collections4.PredicateUtilsTest" time="0"/>
  <testcase name="testAnyPredicateEx5" classname="org.apache.commons.collections4.PredicateUtilsTest" time="0.001"/>
  <testcase name="testAnyPredicateEx6" classname="org.apache.commons.collections4.PredicateUtilsTest" time="0"/>
  <testcase name="testNonePredicateEx1" classname="org.apache.commons.collections4.PredicateUtilsTest" time="0.011"/>
  <testcase name="testNonePredicateEx2" classname="org.apache.commons.collections4.PredicateUtilsTest" time="0"/>
  <testcase name="testNonePredicateEx3" classname="org.apache.commons.collections4.PredicateUtilsTest" time="0"/>
  <testcase name="testNonePredicateEx4" classname="org.apache.commons.collections4.PredicateUtilsTest" time="0"/>
  <testcase name="testNonePredicateEx5" classname="org.apache.commons.collections4.PredicateUtilsTest" time="0"/>
  <testcase name="testNonePredicateEx6" classname="org.apache.commons.collections4.PredicateUtilsTest" time="0"/>
  <testcase name="testAndPredicateEx" classname="org.apache.commons.collections4.PredicateUtilsTest" time="0.001"/>
  <testcase name="testAsPredicateTransformer" classname="org.apache.commons.collections4.PredicateUtilsTest" time="0.001"/>
  <testcase name="testEitherPredicateEx" classname="org.apache.commons.collections4.PredicateUtilsTest" time="0.002"/>
  <testcase name="testInvokerPredicate2" classname="org.apache.commons.collections4.PredicateUtilsTest" time="0"/>
  <testcase name="testAsPredicateTransformerEx1" classname="org.apache.commons.collections4.PredicateUtilsTest" time="0"/>
  <testcase name="testAsPredicateTransformerEx2" classname="org.apache.commons.collections4.PredicateUtilsTest" time="0"/>
  <testcase name="testNullIsFalsePredicate" classname="org.apache.commons.collections4.PredicateUtilsTest" time="0.001"/>
  <testcase name="testNeitherPredicate" classname="org.apache.commons.collections4.PredicateUtilsTest" time="0"/>
  <testcase name="testAllPredicateEx1" classname="org.apache.commons.collections4.PredicateUtilsTest" time="0.001"/>
  <testcase name="testAllPredicateEx2" classname="org.apache.commons.collections4.PredicateUtilsTest" time="0"/>
  <testcase name="testAllPredicateEx3" classname="org.apache.commons.collections4.PredicateUtilsTest" time="0"/>
  <testcase name="testAllPredicateEx4" classname="org.apache.commons.collections4.PredicateUtilsTest" time="0.001"/>
  <testcase name="testAllPredicateEx5" classname="org.apache.commons.collections4.PredicateUtilsTest" time="0"/>
  <testcase name="testAllPredicateEx6" classname="org.apache.commons.collections4.PredicateUtilsTest" time="0"/>
  <testcase name="testInstanceOfPredicate" classname="org.apache.commons.collections4.PredicateUtilsTest" time="0"/>
  <testcase name="testIsNotNullPredicate" classname="org.apache.commons.collections4.PredicateUtilsTest" time="0.001"/>
  <testcase name="testAndPredicate" classname="org.apache.commons.collections4.PredicateUtilsTest" time="0"/>
  <testcase name="testFalsePredicate" classname="org.apache.commons.collections4.PredicateUtilsTest" time="0"/>
  <testcase name="testAnyPredicate" classname="org.apache.commons.collections4.PredicateUtilsTest" time="0"/>
  <testcase name="testNonePredicate" classname="org.apache.commons.collections4.PredicateUtilsTest" time="0"/>
  <testcase name="testOnePredicateEx1" classname="org.apache.commons.collections4.PredicateUtilsTest" time="0"/>
  <testcase name="testOnePredicateEx2" classname="org.apache.commons.collections4.PredicateUtilsTest" time="0.001"/>
  <testcase name="testOnePredicateEx3" classname="org.apache.commons.collections4.PredicateUtilsTest" time="0"/>
  <testcase name="testOnePredicateEx4" classname="org.apache.commons.collections4.PredicateUtilsTest" time="0"/>
  <testcase name="testOnePredicateEx5" classname="org.apache.commons.collections4.PredicateUtilsTest" time="0"/>
  <testcase name="testOnePredicateEx6" classname="org.apache.commons.collections4.PredicateUtilsTest" time="0"/>
  <testcase name="testNullIsExceptionPredicate" classname="org.apache.commons.collections4.PredicateUtilsTest" time="0.002"/>
  <testcase name="testInvokerPredicate2Ex1" classname="org.apache.commons.collections4.PredicateUtilsTest" time="0"/>
  <testcase name="testInvokerPredicate2Ex2" classname="org.apache.commons.collections4.PredicateUtilsTest" time="0"/>
  <testcase name="testInvokerPredicate2Ex3" classname="org.apache.commons.collections4.PredicateUtilsTest" time="0"/>
  <testcase name="testUniquePredicate" classname="org.apache.commons.collections4.PredicateUtilsTest" time="0.001"/>
  <testcase name="testEitherPredicate" classname="org.apache.commons.collections4.PredicateUtilsTest" time="0"/>
  <testcase name="testNotPredicate" classname="org.apache.commons.collections4.PredicateUtilsTest" time="0"/>
  <testcase name="testNullIsExceptionPredicateEx1" classname="org.apache.commons.collections4.PredicateUtilsTest" time="0"/>
  <testcase name="testInvokerPredicateEx1" classname="org.apache.commons.collections4.PredicateUtilsTest" time="0.001"/>
  <testcase name="testInvokerPredicateEx2" classname="org.apache.commons.collections4.PredicateUtilsTest" time="0"/>
  <testcase name="testInvokerPredicateEx3" classname="org.apache.commons.collections4.PredicateUtilsTest" time="0"/>
  <testcase name="testSingletonPatternInSerialization" classname="org.apache.commons.collections4.PredicateUtilsTest" time="0.005"/>
  <testcase name="testOrPredicateEx" classname="org.apache.commons.collections4.PredicateUtilsTest" time="0.001"/>
  <testcase name="testNullIsFalsePredicateEx1" classname="org.apache.commons.collections4.PredicateUtilsTest" time="0"/>
  <testcase name="testOnePredicate" classname="org.apache.commons.collections4.PredicateUtilsTest" time="0"/>
  <testcase name="testNeitherPredicateEx" classname="org.apache.commons.collections4.PredicateUtilsTest" time="0"/>
  <testcase name="testAllPredicate" classname="org.apache.commons.collections4.PredicateUtilsTest" time="0"/>
  <testcase name="testTransformedPredicate" classname="org.apache.commons.collections4.PredicateUtilsTest" time="0.002"/>
  <testcase name="testInvokerPredicate" classname="org.apache.commons.collections4.PredicateUtilsTest" time="0"/>
  <testcase name="testOrPredicate" classname="org.apache.commons.collections4.PredicateUtilsTest" time="0"/>
  <testcase name="testNullIsTruePredicate" classname="org.apache.commons.collections4.PredicateUtilsTest" time="0.001"/>
  <testcase name="testExceptionPredicate" classname="org.apache.commons.collections4.PredicateUtilsTest" time="0.001"/>
  <testcase name="testNotPredicateEx" classname="org.apache.commons.collections4.PredicateUtilsTest" time="0"/>
  <testcase name="testNullIsTruePredicateEx1" classname="org.apache.commons.collections4.PredicateUtilsTest" time="0"/>
  <testcase name="testIdentityPredicate" classname="org.apache.commons.collections4.PredicateUtilsTest" time="0.001"/>
  <testcase name="predicateSanityTests" classname="org.apache.commons.collections4.PredicateUtilsTest" time="0"/>
</testsuite>