<?xml version="1.0" encoding="UTF-8"?>
<testsuite xmlns:xsi="http://www.w3.org/2001/XMLSchema-instance" xsi:noNamespaceSchemaLocation="https://maven.apache.org/surefire/maven-surefire-plugin/xsd/surefire-test-report.xsd" name="org.apache.commons.collections4.iterators.UnmodifiableOrderedMapIteratorTest" time="0.018" tests="20" errors="0" skipped="0" failures="0">
  <properties>
[...]
</properties>
  <testcase name="testOrderedMapIterator" classname="org.apache.commons.collections4.iterators.UnmodifiableOrderedMapIteratorTest" time="0.005"/>
  <testcase name="testDecorateFactory" classname="org.apache.commons.collections4.iterators.UnmodifiableOrderedMapIteratorTest" time="0.001"/>
  <testcase name="testMapIteratorOrder" classname="org.apache.commons.collections4.iterators.UnmodifiableOrderedMapIteratorTest" time="0.004"/>
  <testcase name="testEmptyMapIterator" classname="org.apache.commons.collections4.iterators.UnmodifiableOrderedMapIteratorTest" time="0"/>
  <testcase name="testFullMapIterator" classname="org.apache.commons.collections4.iterators.UnmodifiableOrderedMapIteratorTest" time="0"/>
  <testcase name="testMapIteratorRemoveGetValue" classname="org.apache.commons.collections4.iterators.UnmodifiableOrderedMapIteratorTest" time="0"/>
  <testcase name="testMapIteratorSetRemoveSet" classname="org.apache.commons.collections4.iterators.UnmodifiableOrderedMapIteratorTest" time="0.001"/>
  <testcase name="testMapIteratorRemoveGetKey" classname="org.apache.commons.collections4.iterators.UnmodifiableOrderedMapIteratorTest" time="0"/>
  <testcase name="testMapIteratorSet" classname="org.apache.commons.collections4.iterators.UnmodifiableOrderedMapIteratorTest" time="0"/>
  <testcase name="testRemove" classname="org.apache.commons.collections4.iterators.UnmodifiableOrderedMapIteratorTest" time="0"/>
  <testcase name="testEmptyIterator" classname="org.apache.commons.collections4.iterators.UnmodifiableOrderedMapIteratorTest" time="0"/>
  <testcase name="testFullIterator" classname="org.apache.commons.collections4.iterators.UnmodifiableOrderedMapIteratorTest" time="0"/>
  <testcase name="testObjectEqualsSelf" classname="org.apache.commons.collections4.iterators.UnmodifiableOrderedMapIteratorTest" time="0"/>
  <testcase name="testCanonicalFullCollectionExists" classname="org.apache.commons.collections4.iterators.UnmodifiableOrderedMapIteratorTest" time="0"/>
  <testcase name="testEqualsNull" classname="org.apache.commons.collections4.iterators.UnmodifiableOrderedMapIteratorTest" time="0"/>
  <testcase name="testCanonicalEmptyCollectionExists" classname="org.apache.commons.collections4.iterators.UnmodifiableOrderedMapIteratorTest" time="0"/>
  <testcase name="testSimpleSerialization" classname="org.apache.commons.collections4.iterators.UnmodifiableOrderedMapIteratorTest" time="0"/>
  <testcase name="testObjectHashCodeEqualsContract" classname="org.apache.commons.collections4.iterators.UnmodifiableOrderedMapIteratorTest" time="0"/>
  <testcase name="testObjectHashCodeEqualsSelfHashCode" classname="org.apache.commons.collections4.iterators.UnmodifiableOrderedMapIteratorTest" time="0"/>
  <testcase name="testSerializeDeserializeThenCompare" classname="org.apache.commons.collections4.iterators.UnmodifiableOrderedMapIteratorTest" time="0.001"/>
</testsuite>