<?xml version="1.0" encoding="UTF-8"?>
<testsuite xmlns:xsi="http://www.w3.org/2001/XMLSchema-instance" xsi:noNamespaceSchemaLocation="https://maven.apache.org/surefire/maven-surefire-plugin/xsd/surefire-test-report.xsd" name="org.apache.commons.collections4.multimap.HashSetValuedHashMapTest" time="0.077" tests="345" errors="0" skipped="0" failures="0">
  <properties>
[...]
</properties>
  <testcase name="testSetValuedMapAdd" classname="org.apache.commons.collections4.multimap.HashSetValuedHashMapTest" time="0"/>
  <testcase name="testSetValuedMapRemove" classname="org.apache.commons.collections4.multimap.HashSetValuedHashMapTest" time="0"/>
  <testcase name="testSetValuedMapRemoveViaIterator" classname="org.apache.commons.collections4.multimap.HashSetValuedHashMapTest" time="0"/>
  <testcase name="testSetValuedMapEqualsHashCodeContract" classname="org.apache.commons.collections4.multimap.HashSetValuedHashMapTest" time="0"/>
  <testcase name="testHashSetValueHashMap" classname="org.apache.commons.collections4.multimap.HashSetValuedHashMapTest" time="0"/>
  <testcase name="testHashSetValueHashMap_1" classname="org.apache.commons.collections4.multimap.HashSetValuedHashMapTest" time="0"/>
  <testcase name="testHashSetValuedHashMap_2" classname="org.apache.commons.collections4.multimap.HashSetValuedHashMapTest" time="0"/>
  <testcase name="testSize" classname="org.apache.commons.collections4.multimap.HashSetValuedHashMapTest" time="0"/>
  <testcase name="testNoMappingReturnsEmptyCol" classname="org.apache.commons.collections4.multimap.HashSetValuedHashMapTest" time="0"/>
  <testcase name="testMultipleValues" classname="org.apache.commons.collections4.multimap.HashSetValuedHashMapTest" time="0"/>
  <testcase name="testGet" classname="org.apache.commons.collections4.multimap.HashSetValuedHashMapTest" time="0"/>
  <testcase name="testAddMappingThroughGet" classname="org.apache.commons.collections4.multimap.HashSetValuedHashMapTest" time="0"/>
  <testcase name="testRemoveMappingThroughGet" classname="org.apache.commons.collections4.multimap.HashSetValuedHashMapTest" time="0"/>
  <testcase name="testRemoveMappingThroughGetIterator" classname="org.apache.commons.collections4.multimap.HashSetValuedHashMapTest" time="0"/>
  <testcase name="testContainsValue" classname="org.apache.commons.collections4.multimap.HashSetValuedHashMapTest" time="0"/>
  <testcase name="testKeyContainsValue" classname="org.apache.commons.collections4.multimap.HashSetValuedHashMapTest" time="0"/>
  <testcase name="testValues" classname="org.apache.commons.collections4.multimap.HashSetValuedHashMapTest" time="0"/>
  <testcase name="testRemoveAllViaValuesIterator" classname="org.apache.commons.collections4.multimap.HashSetValuedHashMapTest" time="0"/>
  <testcase name="testRemoveViaValuesRemove" classname="org.apache.commons.collections4.multimap.HashSetValuedHashMapTest" time="0"/>
  <testcase name="testEntriesCollectionIterator" classname="org.apache.commons.collections4.multimap.HashSetValuedHashMapTest" time="0"/>
  <testcase name="testRemoveAllViaEntriesIterator" classname="org.apache.commons.collections4.multimap.HashSetValuedHashMapTest" time="0"/>
  <testcase name="testMapEquals" classname="org.apache.commons.collections4.multimap.HashSetValuedHashMapTest" time="0"/>
  <testcase name="testSizeWithPutRemove" classname="org.apache.commons.collections4.multimap.HashSetValuedHashMapTest" time="0"/>
  <testcase name="testKeySetSize" classname="org.apache.commons.collections4.multimap.HashSetValuedHashMapTest" time="0"/>
  <testcase name="testSize_Key" classname="org.apache.commons.collections4.multimap.HashSetValuedHashMapTest" time="0"/>
  <testcase name="testContainsValue_Key" classname="org.apache.commons.collections4.multimap.HashSetValuedHashMapTest" time="0"/>
  <testcase name="testPutAll_Map1" classname="org.apache.commons.collections4.multimap.HashSetValuedHashMapTest" time="0"/>
  <testcase name="testPutAll_Map2" classname="org.apache.commons.collections4.multimap.HashSetValuedHashMapTest" time="0"/>
  <testcase name="testPutAll_KeyIterable" classname="org.apache.commons.collections4.multimap.HashSetValuedHashMapTest" time="0"/>
  <testcase name="testRemove_KeyItem" classname="org.apache.commons.collections4.multimap.HashSetValuedHashMapTest" time="0"/>
  <testcase name="testToString" classname="org.apache.commons.collections4.multimap.HashSetValuedHashMapTest" time="0"/>
  <testcase name="testKeysMultiSet" classname="org.apache.commons.collections4.multimap.HashSetValuedHashMapTest" time="0"/>
  <testcase name="testKeysBagIterator" classname="org.apache.commons.collections4.multimap.HashSetValuedHashMapTest" time="0"/>
  <testcase name="testKeysBagContainsAll" classname="org.apache.commons.collections4.multimap.HashSetValuedHashMapTest" time="0"/>
  <testcase name="testAsMapGet" classname="org.apache.commons.collections4.multimap.HashSetValuedHashMapTest" time="0.008"/>
  <testcase name="testAsMapRemove" classname="org.apache.commons.collections4.multimap.HashSetValuedHashMapTest" time="0"/>
  <testcase name="testMapIterator" classname="org.apache.commons.collections4.multimap.HashSetValuedHashMapTest" time="0"/>
  <testcase name="testMapIteratorRemove" classname="org.apache.commons.collections4.multimap.HashSetValuedHashMapTest" time="0.001"/>
  <testcase name="testMapIteratorUnsupportedSet" classname="org.apache.commons.collections4.multimap.HashSetValuedHashMapTest" time="0"/>
  <testcase name="testMultiValuedMapIterator" classname="org.apache.commons.collections4.multimap.HashSetValuedHashMapTest" time="0"/>
  <testcase name="testEmptyMapCompatibility" classname="org.apache.commons.collections4.multimap.HashSetValuedHashMapTest" time="0.001"/>
  <testcase name="testFullMapCompatibility" classname="org.apache.commons.collections4.multimap.HashSetValuedHashMapTest" time="0.002"/>
  <testcase name="testSerializeDeserializeThenCompare" classname="org.apache.commons.collections4.multimap.AbstractMultiValuedMapTest$TestMultiValuedMapEntries" time="0"/>
  <testcase name="testCollectionAdd" classname="org.apache.commons.collections4.multimap.AbstractMultiValuedMapTest$TestMultiValuedMapEntries" time="0"/>
  <testcase name="testCollectionAddAll" classname="org.apache.commons.collections4.multimap.AbstractMultiValuedMapTest$TestMultiValuedMapEntries" time="0"/>
  <testcase name="testUnsupportedAdd" classname="org.apache.commons.collections4.multimap.AbstractMultiValuedMapTest$TestMultiValuedMapEntries" time="0"/>
  <testcase name="testCollectionClear" classname="org.apache.commons.collections4.multimap.AbstractMultiValuedMapTest$TestMultiValuedMapEntries" time="0"/>
  <testcase name="testCollectionContains" classname="org.apache.commons.collections4.multimap.AbstractMultiValuedMapTest$TestMultiValuedMapEntries" time="0"/>
  <testcase name="testCollectionContainsAll" classname="org.apache.commons.collections4.multimap.AbstractMultiValuedMapTest$TestMultiValuedMapEntries" time="0"/>
  <testcase name="testCollectionIsEmpty" classname="org.apache.commons.collections4.multimap.AbstractMultiValuedMapTest$TestMultiValuedMapEntries" time="0"/>
  <testcase name="testCollectionIterator" classname="org.apache.commons.collections4.multimap.AbstractMultiValuedMapTest$TestMultiValuedMapEntries" time="0"/>
  <testcase name="testCollectionIteratorRemove" classname="org.apache.commons.collections4.multimap.AbstractMultiValuedMapTest$TestMultiValuedMapEntries" time="0.002"/>
  <testcase name="testCollectionRemove" classname="org.apache.commons.collections4.multimap.AbstractMultiValuedMapTest$TestMultiValuedMapEntries" time="0"/>
  <testcase name="testCollectionRemoveAll" classname="org.apache.commons.collections4.multimap.AbstractMultiValuedMapTest$TestMultiValuedMapEntries" time="0"/>
  <testcase name="testCollectionRemoveIf" classname="org.apache.commons.collections4.multimap.AbstractMultiValuedMapTest$TestMultiValuedMapEntries" time="0"/>
  <testcase name="testCollectionRetainAll" classname="org.apache.commons.collections4.multimap.AbstractMultiValuedMapTest$TestMultiValuedMapEntries" time="0"/>
  <testcase name="testCollectionSize" classname="org.apache.commons.collections4.multimap.AbstractMultiValuedMapTest$TestMultiValuedMapEntries" time="0"/>
  <testcase name="testCollectionToArray" classname="org.apache.commons.collections4.multimap.AbstractMultiValuedMapTest$TestMultiValuedMapEntries" time="0"/>
  <testcase name="testCollectionToArray2" classname="org.apache.commons.collections4.multimap.AbstractMultiValuedMapTest$TestMultiValuedMapEntries" time="0"/>
  <testcase name="testCollectionToString" classname="org.apache.commons.collections4.multimap.AbstractMultiValuedMapTest$TestMultiValuedMapEntries" time="0"/>
  <testcase name="testUnsupportedRemove" classname="org.apache.commons.collections4.multimap.AbstractMultiValuedMapTest$TestMultiValuedMapEntries" time="0"/>
  <testcase name="testCollectionIteratorFailFast" classname="org.apache.commons.collections4.multimap.AbstractMultiValuedMapTest$TestMultiValuedMapEntries" time="0"/>
  <testcase name="testEqualsNull" classname="org.apache.commons.collections4.multimap.AbstractMultiValuedMapTest$TestMultiValuedMapEntries" time="0"/>
  <testcase name="testObjectEqualsSelf" classname="org.apache.commons.collections4.multimap.AbstractMultiValuedMapTest$TestMultiValuedMapEntries" time="0"/>
  <testcase name="testObjectHashCodeEqualsSelfHashCode" classname="org.apache.commons.collections4.multimap.AbstractMultiValuedMapTest$TestMultiValuedMapEntries" time="0"/>
  <testcase name="testObjectHashCodeEqualsContract" classname="org.apache.commons.collections4.multimap.AbstractMultiValuedMapTest$TestMultiValuedMapEntries" time="0"/>
  <testcase name="testSimpleSerialization" classname="org.apache.commons.collections4.multimap.AbstractMultiValuedMapTest$TestMultiValuedMapEntries" time="0"/>
  <testcase name="testCanonicalEmptyCollectionExists" classname="org.apache.commons.collections4.multimap.AbstractMultiValuedMapTest$TestMultiValuedMapEntries" time="0"/>
  <testcase name="testCanonicalFullCollectionExists" classname="org.apache.commons.collections4.multimap.AbstractMultiValuedMapTest$TestMultiValuedMapEntries" time="0"/>
  <testcase name="testSetHashCode" classname="org.apache.commons.collections4.multimap.AbstractMultiValuedMapTest$TestMultiValuedMapKeySet" time="0"/>
  <testcase name="testSetEquals" classname="org.apache.commons.collections4.multimap.AbstractMultiValuedMapTest$TestMultiValuedMapKeySet" time="0"/>
  <testcase name="testSerializeDeserializeThenCompare" classname="org.apache.commons.collections4.multimap.AbstractMultiValuedMapTest$TestMultiValuedMapKeySet" time="0"/>
  <testcase name="testCollectionAdd" classname="org.apache.commons.collections4.multimap.AbstractMultiValuedMapTest$TestMultiValuedMapKeySet" time="0"/>
  <testcase name="testCollectionAddAll" classname="org.apache.commons.collections4.multimap.AbstractMultiValuedMapTest$TestMultiValuedMapKeySet" time="0"/>
  <testcase name="testUnsupportedAdd" classname="org.apache.commons.collections4.multimap.AbstractMultiValuedMapTest$TestMultiValuedMapKeySet" time="0"/>
  <testcase name="testCollectionClear" classname="org.apache.commons.collections4.multimap.AbstractMultiValuedMapTest$TestMultiValuedMapKeySet" time="0"/>
  <testcase name="testCollectionContains" classname="org.apache.commons.collections4.multimap.AbstractMultiValuedMapTest$TestMultiValuedMapKeySet" time="0"/>
  <testcase name="testCollectionContainsAll" classname="org.apache.commons.collections4.multimap.AbstractMultiValuedMapTest$TestMultiValuedMapKeySet" time="0"/>
  <testcase name="testCollectionIsEmpty" classname="org.apache.commons.collections4.multimap.AbstractMultiValuedMapTest$TestMultiValuedMapKeySet" time="0"/>
  <testcase name="testCollectionIterator" classname="org.apache.commons.collections4.multimap.AbstractMultiValuedMapTest$TestMultiValuedMapKeySet" time="0.001"/>
  <testcase name="testCollectionIteratorRemove" classname="org.apache.commons.collections4.multimap.AbstractMultiValuedMapTest$TestMultiValuedMapKeySet" time="0"/>
  <testcase name="testCollectionRemove" classname="org.apache.commons.collections4.multimap.AbstractMultiValuedMapTest$TestMultiValuedMapKeySet" time="0"/>
  <testcase name="testCollectionRemoveAll" classname="org.apache.commons.collections4.multimap.AbstractMultiValuedMapTest$TestMultiValuedMapKeySet" time="0"/>
  <testcase name="testCollectionRemoveIf" classname="org.apache.commons.collections4.multimap.AbstractMultiValuedMapTest$TestMultiValuedMapKeySet" time="0"/>
  <testcase name="testCollectionRetainAll" classname="org.apache.commons.collections4.multimap.AbstractMultiValuedMapTest$TestMultiValuedMapKeySet" time="0.001"/>
  <testcase name="testCollectionSize" classname="org.apache.commons.collections4.multimap.AbstractMultiValuedMapTest$TestMultiValuedMapKeySet" time="0"/>
  <testcase name="testCollectionToArray" classname="org.apache.commons.collections4.multimap.AbstractMultiValuedMapTest$TestMultiValuedMapKeySet" time="0"/>
  <testcase name="testCollectionToArray2" classname="org.apache.commons.collections4.multimap.AbstractMultiValuedMapTest$TestMultiValuedMapKeySet" time="0"/>
  <testcase name="testCollectionToString" classname="org.apache.commons.collections4.multimap.AbstractMultiValuedMapTest$TestMultiValuedMapKeySet" time="0"/>
  <testcase name="testUnsupportedRemove" classname="org.apache.commons.collections4.multimap.AbstractMultiValuedMapTest$TestMultiValuedMapKeySet" time="0"/>
  <testcase name="testCollectionIteratorFailFast" classname="org.apache.commons.collections4.multimap.AbstractMultiValuedMapTest$TestMultiValuedMapKeySet" time="0"/>
  <testcase name="testEqualsNull" classname="org.apache.commons.collections4.multimap.AbstractMultiValuedMapTest$TestMultiValuedMapKeySet" time="0"/>
  <testcase name="testObjectEqualsSelf" classname="org.apache.commons.collections4.multimap.AbstractMultiValuedMapTest$TestMultiValuedMapKeySet" time="0"/>
  <testcase name="testObjectHashCodeEqualsSelfHashCode" classname="org.apache.commons.collections4.multimap.AbstractMultiValuedMapTest$TestMultiValuedMapKeySet" time="0"/>
  <testcase name="testObjectHashCodeEqualsContract" classname="org.apache.commons.collections4.multimap.AbstractMultiValuedMapTest$TestMultiValuedMapKeySet" time="0"/>
  <testcase name="testSimpleSerialization" classname="org.apache.commons.collections4.multimap.AbstractMultiValuedMapTest$TestMultiValuedMapKeySet" time="0"/>
  <testcase name="testCanonicalEmptyCollectionExists" classname="org.apache.commons.collections4.multimap.AbstractMultiValuedMapTest$TestMultiValuedMapKeySet" time="0"/>
  <testcase name="testCanonicalFullCollectionExists" classname="org.apache.commons.collections4.multimap.AbstractMultiValuedMapTest$TestMultiValuedMapKeySet" time="0"/>
  <testcase name="testSerializeDeserializeThenCompare" classname="org.apache.commons.collections4.multimap.AbstractMultiValuedMapTest$TestMultiValuedMapValues" time="0"/>
  <testcase name="testCollectionAdd" classname="org.apache.commons.collections4.multimap.AbstractMultiValuedMapTest$TestMultiValuedMapValues" time="0"/>
  <testcase name="testCollectionAddAll" classname="org.apache.commons.collections4.multimap.AbstractMultiValuedMapTest$TestMultiValuedMapValues" time="0"/>
  <testcase name="testUnsupportedAdd" classname="org.apache.commons.collections4.multimap.AbstractMultiValuedMapTest$TestMultiValuedMapValues" time="0"/>
  <testcase name="testCollectionClear" classname="org.apache.commons.collections4.multimap.AbstractMultiValuedMapTest$TestMultiValuedMapValues" time="0"/>
  <testcase name="testCollectionContains" classname="org.apache.commons.collections4.multimap.AbstractMultiValuedMapTest$TestMultiValuedMapValues" time="0"/>
  <testcase name="testCollectionContainsAll" classname="org.apache.commons.collections4.multimap.AbstractMultiValuedMapTest$TestMultiValuedMapValues" time="0"/>
  <testcase name="testCollectionIsEmpty" classname="org.apache.commons.collections4.multimap.AbstractMultiValuedMapTest$TestMultiValuedMapValues" time="0"/>
  <testcase name="testCollectionIterator" classname="org.apache.commons.collections4.multimap.AbstractMultiValuedMapTest$TestMultiValuedMapValues" time="0"/>
  <testcase name="testCollectionIteratorRemove" classname="org.apache.commons.collections4.multimap.AbstractMultiValuedMapTest$TestMultiValuedMapValues" time="0"/>
  <testcase name="testCollectionRemove" classname="org.apache.commons.collections4.multimap.AbstractMultiValuedMapTest$TestMultiValuedMapValues" time="0"/>
  <testcase name="testCollectionRemoveAll" classname="org.apache.commons.collections4.multimap.AbstractMultiValuedMapTest$TestMultiValuedMapValues" time="0"/>
  <testcase name="testCollectionRemoveIf" classname="org.apache.commons.collections4.multimap.AbstractMultiValuedMapTest$TestMultiValuedMapValues" time="0"/>
  <testcase name="testCollectionRetainAll" classname="org.apache.commons.collections4.multimap.AbstractMultiValuedMapTest$TestMultiValuedMapValues" time="0"/>
  <testcase name="testCollectionSize" classname="org.apache.commons.collections4.multimap.AbstractMultiValuedMapTest$TestMultiValuedMapValues" time="0"/>
  <testcase name="testCollectionToArray" classname="org.apache.commons.collections4.multimap.AbstractMultiValuedMapTest$TestMultiValuedMapValues" time="0"/>
  <testcase name="testCollectionToArray2" classname="org.apache.commons.collections4.multimap.AbstractMultiValuedMapTest$TestMultiValuedMapValues" time="0"/>
  <testcase name="testCollectionToString" classname="org.apache.commons.collections4.multimap.AbstractMultiValuedMapTest$TestMultiValuedMapValues" time="0"/>
  <testcase name="testUnsupportedRemove" classname="org.apache.commons.collections4.multimap.AbstractMultiValuedMapTest$TestMultiValuedMapValues" time="0"/>
  <testcase name="testCollectionIteratorFailFast" classname="org.apache.commons.collections4.multimap.AbstractMultiValuedMapTest$TestMultiValuedMapValues" time="0.001"/>
  <testcase name="testEqualsNull" classname="org.apache.commons.collections4.multimap.AbstractMultiValuedMapTest$TestMultiValuedMapValues" time="0"/>
  <testcase name="testObjectEqualsSelf" classname="org.apache.commons.collections4.multimap.AbstractMultiValuedMapTest$TestMultiValuedMapValues" time="0"/>
  <testcase name="testObjectHashCodeEqualsSelfHashCode" classname="org.apache.commons.collections4.multimap.AbstractMultiValuedMapTest$TestMultiValuedMapValues" time="0"/>
  <testcase name="testObjectHashCodeEqualsContract" classname="org.apache.commons.collections4.multimap.AbstractMultiValuedMapTest$TestMultiValuedMapValues" time="0"/>
  <testcase name="testSimpleSerialization" classname="org.apache.commons.collections4.multimap.AbstractMultiValuedMapTest$TestMultiValuedMapValues" time="0"/>
  <testcase name="testCanonicalEmptyCollectionExists" classname="org.apache.commons.collections4.multimap.AbstractMultiValuedMapTest$TestMultiValuedMapValues" time="0"/>
  <testcase name="testCanonicalFullCollectionExists" classname="org.apache.commons.collections4.multimap.AbstractMultiValuedMapTest$TestMultiValuedMapValues" time="0"/>
  <testcase name="testMultiSetAdd" classname="org.apache.commons.collections4.multimap.AbstractMultiValuedMapTest$TestMultiValuedMapKeys" time="0"/>
  <testcase name="testMultiSetEqualsSelf" classname="org.apache.commons.collections4.multimap.AbstractMultiValuedMapTest$TestMultiValuedMapKeys" time="0"/>
  <testcase name="testMultiSetRemove" classname="org.apache.commons.collections4.multimap.AbstractMultiValuedMapTest$TestMultiValuedMapKeys" time="0"/>
  <testcase name="testMultiSetRemoveAll" classname="org.apache.commons.collections4.multimap.AbstractMultiValuedMapTest$TestMultiValuedMapKeys" time="0"/>
  <testcase name="testMultiSetContains" classname="org.apache.commons.collections4.multimap.AbstractMultiValuedMapTest$TestMultiValuedMapKeys" time="0"/>
  <testcase name="testMultiSetContainsAll" classname="org.apache.commons.collections4.multimap.AbstractMultiValuedMapTest$TestMultiValuedMapKeys" time="0"/>
  <testcase name="testMultiSetSize" classname="org.apache.commons.collections4.multimap.AbstractMultiValuedMapTest$TestMultiValuedMapKeys" time="0"/>
  <testcase name="testMultiSetRetainAll" classname="org.apache.commons.collections4.multimap.AbstractMultiValuedMapTest$TestMultiValuedMapKeys" time="0"/>
  <testcase name="testMultiSetIterator" classname="org.apache.commons.collections4.multimap.AbstractMultiValuedMapTest$TestMultiValuedMapKeys" time="0"/>
  <testcase name="testMultiSetIteratorFail" classname="org.apache.commons.collections4.multimap.AbstractMultiValuedMapTest$TestMultiValuedMapKeys" time="0"/>
  <testcase name="testMultiSetIteratorFailNoMore" classname="org.apache.commons.collections4.multimap.AbstractMultiValuedMapTest$TestMultiValuedMapKeys" time="0"/>
  <testcase name="testMultiSetIteratorFailDoubleRemove" classname="org.apache.commons.collections4.multimap.AbstractMultiValuedMapTest$TestMultiValuedMapKeys" time="0"/>
  <testcase name="testMultiSetIteratorRemoveProtectsInvariants" classname="org.apache.commons.collections4.multimap.AbstractMultiValuedMapTest$TestMultiValuedMapKeys" time="0"/>
  <testcase name="testMultiSetEntrySetUpdatedToZero" classname="org.apache.commons.collections4.multimap.AbstractMultiValuedMapTest$TestMultiValuedMapKeys" time="0"/>
  <testcase name="testMultiSetToArray" classname="org.apache.commons.collections4.multimap.AbstractMultiValuedMapTest$TestMultiValuedMapKeys" time="0"/>
  <testcase name="testMultiSetToArrayPopulate" classname="org.apache.commons.collections4.multimap.AbstractMultiValuedMapTest$TestMultiValuedMapKeys" time="0"/>
  <testcase name="testMultiSetEquals" classname="org.apache.commons.collections4.multimap.AbstractMultiValuedMapTest$TestMultiValuedMapKeys" time="0"/>
  <testcase name="testMultiSetEqualsHashMultiSet" classname="org.apache.commons.collections4.multimap.AbstractMultiValuedMapTest$TestMultiValuedMapKeys" time="0"/>
  <testcase name="testMultiSetHashCode" classname="org.apache.commons.collections4.multimap.AbstractMultiValuedMapTest$TestMultiValuedMapKeys" time="0"/>
  <testcase name="testSetHashCode" classname="org.apache.commons.collections4.multiset.AbstractMultiSetTest$TestMultiSetUniqueSet" time="0"/>
  <testcase name="testSetEquals" classname="org.apache.commons.collections4.multiset.AbstractMultiSetTest$TestMultiSetUniqueSet" time="0"/>
  <testcase name="testSerializeDeserializeThenCompare" classname="org.apache.commons.collections4.multiset.AbstractMultiSetTest$TestMultiSetUniqueSet" time="0"/>
  <testcase name="testCollectionAdd" classname="org.apache.commons.collections4.multiset.AbstractMultiSetTest$TestMultiSetUniqueSet" time="0"/>
  <testcase name="testCollectionAddAll" classname="org.apache.commons.collections4.multiset.AbstractMultiSetTest$TestMultiSetUniqueSet" time="0.001"/>
  <testcase name="testUnsupportedAdd" classname="org.apache.commons.collections4.multiset.AbstractMultiSetTest$TestMultiSetUniqueSet" time="0"/>
  <testcase name="testCollectionClear" classname="org.apache.commons.collections4.multiset.AbstractMultiSetTest$TestMultiSetUniqueSet" time="0"/>
  <testcase name="testCollectionContains" classname="org.apache.commons.collections4.multiset.AbstractMultiSetTest$TestMultiSetUniqueSet" time="0"/>
  <testcase name="testCollectionContainsAll" classname="org.apache.commons.collections4.multiset.AbstractMultiSetTest$TestMultiSetUniqueSet" time="0"/>
  <testcase name="testCollectionIsEmpty" classname="org.apache.commons.collections4.multiset.AbstractMultiSetTest$TestMultiSetUniqueSet" time="0"/>
  <testcase name="testCollectionIterator" classname="org.apache.commons.collections4.multiset.AbstractMultiSetTest$TestMultiSetUniqueSet" time="0"/>
  <testcase name="testCollectionIteratorRemove" classname="org.apache.commons.collections4.multiset.AbstractMultiSetTest$TestMultiSetUniqueSet" time="0"/>
  <testcase name="testCollectionRemove" classname="org.apache.commons.collections4.multiset.AbstractMultiSetTest$TestMultiSetUniqueSet" time="0"/>
  <testcase name="testCollectionRemoveAll" classname="org.apache.commons.collections4.multiset.AbstractMultiSetTest$TestMultiSetUniqueSet" time="0"/>
  <testcase name="testCollectionRemoveIf" classname="org.apache.commons.collections4.multiset.AbstractMultiSetTest$TestMultiSetUniqueSet" time="0"/>
  <testcase name="testCollectionRetainAll" classname="org.apache.commons.collections4.multiset.AbstractMultiSetTest$TestMultiSetUniqueSet" time="0"/>
  <testcase name="testCollectionSize" classname="org.apache.commons.collections4.multiset.AbstractMultiSetTest$TestMultiSetUniqueSet" time="0"/>
  <testcase name="testCollectionToArray" classname="org.apache.commons.collections4.multiset.AbstractMultiSetTest$TestMultiSetUniqueSet" time="0"/>
  <testcase name="testCollectionToArray2" classname="org.apache.commons.collections4.multiset.AbstractMultiSetTest$TestMultiSetUniqueSet" time="0"/>
  <testcase name="testCollectionToString" classname="org.apache.commons.collections4.multiset.AbstractMultiSetTest$TestMultiSetUniqueSet" time="0"/>
  <testcase name="testUnsupportedRemove" classname="org.apache.commons.collections4.multiset.AbstractMultiSetTest$TestMultiSetUniqueSet" time="0.001"/>
  <testcase name="testCollectionIteratorFailFast" classname="org.apache.commons.collections4.multiset.AbstractMultiSetTest$TestMultiSetUniqueSet" time="0"/>
  <testcase name="testEqualsNull" classname="org.apache.commons.collections4.multiset.AbstractMultiSetTest$TestMultiSetUniqueSet" time="0"/>
  <testcase name="testObjectEqualsSelf" classname="org.apache.commons.collections4.multiset.AbstractMultiSetTest$TestMultiSetUniqueSet" time="0"/>
  <testcase name="testObjectHashCodeEqualsSelfHashCode" classname="org.apache.commons.collections4.multiset.AbstractMultiSetTest$TestMultiSetUniqueSet" time="0"/>
  <testcase name="testObjectHashCodeEqualsContract" classname="org.apache.commons.collections4.multiset.AbstractMultiSetTest$TestMultiSetUniqueSet" time="0"/>
  <testcase name="testSimpleSerialization" classname="org.apache.commons.collections4.multiset.AbstractMultiSetTest$TestMultiSetUniqueSet" time="0"/>
  <testcase name="testCanonicalEmptyCollectionExists" classname="org.apache.commons.collections4.multiset.AbstractMultiSetTest$TestMultiSetUniqueSet" time="0"/>
  <testcase name="testCanonicalFullCollectionExists" classname="org.apache.commons.collections4.multiset.AbstractMultiSetTest$TestMultiSetUniqueSet" time="0"/>
  <testcase name="testEmptyMultiSetCompatibility" classname="org.apache.commons.collections4.multimap.AbstractMultiValuedMapTest$TestMultiValuedMapKeys" time="0"/>
  <testcase name="testFullMultiSetCompatibility" classname="org.apache.commons.collections4.multimap.AbstractMultiValuedMapTest$TestMultiValuedMapKeys" time="0.001"/>
  <testcase name="testSerializeDeserializeThenCompare" classname="org.apache.commons.collections4.multimap.AbstractMultiValuedMapTest$TestMultiValuedMapKeys" time="0"/>
  <testcase name="testCollectionAdd" classname="org.apache.commons.collections4.multimap.AbstractMultiValuedMapTest$TestMultiValuedMapKeys" time="0"/>
  <testcase name="testCollectionAddAll" classname="org.apache.commons.collections4.multimap.AbstractMultiValuedMapTest$TestMultiValuedMapKeys" time="0"/>
  <testcase name="testUnsupportedAdd" classname="org.apache.commons.collections4.multimap.AbstractMultiValuedMapTest$TestMultiValuedMapKeys" time="0"/>
  <testcase name="testCollectionClear" classname="org.apache.commons.collections4.multimap.AbstractMultiValuedMapTest$TestMultiValuedMapKeys" time="0"/>
  <testcase name="testCollectionContains" classname="org.apache.commons.collections4.multimap.AbstractMultiValuedMapTest$TestMultiValuedMapKeys" time="0"/>
  <testcase name="testCollectionContainsAll" classname="org.apache.commons.collections4.multimap.AbstractMultiValuedMapTest$TestMultiValuedMapKeys" time="0.001"/>
  <testcase name="testCollectionIsEmpty" classname="org.apache.commons.collections4.multimap.AbstractMultiValuedMapTest$TestMultiValuedMapKeys" time="0"/>
  <testcase name="testCollectionIterator" classname="org.apache.commons.collections4.multimap.AbstractMultiValuedMapTest$TestMultiValuedMapKeys" time="0"/>
  <testcase name="testCollectionIteratorRemove" classname="org.apache.commons.collections4.multimap.AbstractMultiValuedMapTest$TestMultiValuedMapKeys" time="0"/>
  <testcase name="testCollectionRemove" classname="org.apache.commons.collections4.multimap.AbstractMultiValuedMapTest$TestMultiValuedMapKeys" time="0"/>
  <testcase name="testCollectionRemoveAll" classname="org.apache.commons.collections4.multimap.AbstractMultiValuedMapTest$TestMultiValuedMapKeys" time="0"/>
  <testcase name="testCollectionRemoveIf" classname="org.apache.commons.collections4.multimap.AbstractMultiValuedMapTest$TestMultiValuedMapKeys" time="0"/>
  <testcase name="testCollectionRetainAll" classname="org.apache.commons.collections4.multimap.AbstractMultiValuedMapTest$TestMultiValuedMapKeys" time="0"/>
  <testcase name="testCollectionSize" classname="org.apache.commons.collections4.multimap.AbstractMultiValuedMapTest$TestMultiValuedMapKeys" time="0"/>
  <testcase name="testCollectionToArray" classname="org.apache.commons.collections4.multimap.AbstractMultiValuedMapTest$TestMultiValuedMapKeys" time="0"/>
  <testcase name="testCollectionToArray2" classname="org.apache.commons.collections4.multimap.AbstractMultiValuedMapTest$TestMultiValuedMapKeys" time="0.001"/>
  <testcase name="testCollectionToString" classname="org.apache.commons.collections4.multimap.AbstractMultiValuedMapTest$TestMultiValuedMapKeys" time="0"/>
  <testcase name="testUnsupportedRemove" classname="org.apache.commons.collections4.multimap.AbstractMultiValuedMapTest$TestMultiValuedMapKeys" time="0"/>
  <testcase name="testCollectionIteratorFailFast" classname="org.apache.commons.collections4.multimap.AbstractMultiValuedMapTest$TestMultiValuedMapKeys" time="0"/>
  <testcase name="testEqualsNull" classname="org.apache.commons.collections4.multimap.AbstractMultiValuedMapTest$TestMultiValuedMapKeys" time="0"/>
  <testcase name="testObjectEqualsSelf" classname="org.apache.commons.collections4.multimap.AbstractMultiValuedMapTest$TestMultiValuedMapKeys" time="0"/>
  <testcase name="testObjectHashCodeEqualsSelfHashCode" classname="org.apache.commons.collections4.multimap.AbstractMultiValuedMapTest$TestMultiValuedMapKeys" time="0"/>
  <testcase name="testObjectHashCodeEqualsContract" classname="org.apache.commons.collections4.multimap.AbstractMultiValuedMapTest$TestMultiValuedMapKeys" time="0"/>
  <testcase name="testSimpleSerialization" classname="org.apache.commons.collections4.multimap.AbstractMultiValuedMapTest$TestMultiValuedMapKeys" time="0"/>
  <testcase name="testCanonicalEmptyCollectionExists" classname="org.apache.commons.collections4.multimap.AbstractMultiValuedMapTest$TestMultiValuedMapKeys" time="0"/>
  <testcase name="testCanonicalFullCollectionExists" classname="org.apache.commons.collections4.multimap.AbstractMultiValuedMapTest$TestMultiValuedMapKeys" time="0"/>
  <testcase name="testMapEquals" classname="org.apache.commons.collections4.multimap.AbstractMultiValuedMapTest$TestMultiValuedMapAsMap" time="0"/>
  <testcase name="testEmptyMapCompatibility" classname="org.apache.commons.collections4.multimap.AbstractMultiValuedMapTest$TestMultiValuedMapAsMap" time="0"/>
  <testcase name="testFullMapCompatibility" classname="org.apache.commons.collections4.multimap.AbstractMultiValuedMapTest$TestMultiValuedMapAsMap" time="0"/>
  <testcase name="testMapGet" classname="org.apache.commons.collections4.multimap.AbstractMultiValuedMapTest$TestMultiValuedMapAsMap" time="0.001"/>
  <testcase name="testSampleMappings" classname="org.apache.commons.collections4.multimap.AbstractMultiValuedMapTest$TestMultiValuedMapAsMap" time="0"/>
  <testcase name="testMakeMap" classname="org.apache.commons.collections4.multimap.AbstractMultiValuedMapTest$TestMultiValuedMapAsMap" time="0"/>
  <testcase name="testMapIsEmpty" classname="org.apache.commons.collections4.multimap.AbstractMultiValuedMapTest$TestMultiValuedMapAsMap" time="0"/>
  <testcase name="testMapSize" classname="org.apache.commons.collections4.multimap.AbstractMultiValuedMapTest$TestMultiValuedMapAsMap" time="0"/>
  <testcase name="testMapClear" classname="org.apache.commons.collections4.multimap.AbstractMultiValuedMapTest$TestMultiValuedMapAsMap" time="0"/>
  <testcase name="testMapContainsKey" classname="org.apache.commons.collections4.multimap.AbstractMultiValuedMapTest$TestMultiValuedMapAsMap" time="0.001"/>
  <testcase name="testMapContainsValue" classname="org.apache.commons.collections4.multimap.AbstractMultiValuedMapTest$TestMultiValuedMapAsMap" time="0"/>
  <testcase name="testMapHashCode" classname="org.apache.commons.collections4.multimap.AbstractMultiValuedMapTest$TestMultiValuedMapAsMap" time="0"/>
  <testcase name="testMapToString" classname="org.apache.commons.collections4.multimap.AbstractMultiValuedMapTest$TestMultiValuedMapAsMap" time="0"/>
  <testcase name="testMapPut" classname="org.apache.commons.collections4.multimap.AbstractMultiValuedMapTest$TestMultiValuedMapAsMap" time="0"/>
  <testcase name="testMapPutNullKey" classname="org.apache.commons.collections4.multimap.AbstractMultiValuedMapTest$TestMultiValuedMapAsMap" time="0.001"/>
  <testcase name="testMapPutNullValue" classname="org.apache.commons.collections4.multimap.AbstractMultiValuedMapTest$TestMultiValuedMapAsMap" time="0"/>
  <testcase name="testMapPutAll" classname="org.apache.commons.collections4.multimap.AbstractMultiValuedMapTest$TestMultiValuedMapAsMap" time="0"/>
  <testcase name="testMapRemove" classname="org.apache.commons.collections4.multimap.AbstractMultiValuedMapTest$TestMultiValuedMapAsMap" time="0"/>
  <testcase name="testValuesClearChangesMap" classname="org.apache.commons.collections4.multimap.AbstractMultiValuedMapTest$TestMultiValuedMapAsMap" time="0"/>
  <testcase name="testKeySetClearChangesMap" classname="org.apache.commons.collections4.multimap.AbstractMultiValuedMapTest$TestMultiValuedMapAsMap" time="0"/>
  <testcase name="testEntrySetClearChangesMap" classname="org.apache.commons.collections4.multimap.AbstractMultiValuedMapTest$TestMultiValuedMapAsMap" time="0.001"/>
  <testcase name="testEntrySetContains1" classname="org.apache.commons.collections4.multimap.AbstractMultiValuedMapTest$TestMultiValuedMapAsMap" time="0"/>
  <testcase name="testEntrySetContains2" classname="org.apache.commons.collections4.multimap.AbstractMultiValuedMapTest$TestMultiValuedMapAsMap" time="0"/>
  <testcase name="testEntrySetContains3" classname="org.apache.commons.collections4.multimap.AbstractMultiValuedMapTest$TestMultiValuedMapAsMap" time="0"/>
  <testcase name="testEntrySetRemove1" classname="org.apache.commons.collections4.multimap.AbstractMultiValuedMapTest$TestMultiValuedMapAsMap" time="0"/>
  <testcase name="testEntrySetRemove2" classname="org.apache.commons.collections4.multimap.AbstractMultiValuedMapTest$TestMultiValuedMapAsMap" time="0"/>
  <testcase name="testEntrySetRemove3" classname="org.apache.commons.collections4.multimap.AbstractMultiValuedMapTest$TestMultiValuedMapAsMap" time="0"/>
  <testcase name="testValuesRemoveChangesMap" classname="org.apache.commons.collections4.multimap.AbstractMultiValuedMapTest$TestMultiValuedMapAsMap" time="0"/>
  <testcase name="testValuesRemoveAll" classname="org.apache.commons.collections4.multimap.AbstractMultiValuedMapTest$TestMultiValuedMapAsMap" time="0"/>
  <testcase name="testValuesRetainAll" classname="org.apache.commons.collections4.multimap.AbstractMultiValuedMapTest$TestMultiValuedMapAsMap" time="0.001"/>
  <testcase name="testValuesIteratorRemoveChangesMap" classname="org.apache.commons.collections4.multimap.AbstractMultiValuedMapTest$TestMultiValuedMapAsMap" time="0"/>
  <testcase name="testKeySetRemoveChangesMap" classname="org.apache.commons.collections4.multimap.AbstractMultiValuedMapTest$TestMultiValuedMapAsMap" time="0"/>
  <testcase name="testKeySetRemoveAll" classname="org.apache.commons.collections4.multimap.AbstractMultiValuedMapTest$TestMultiValuedMapAsMap" time="0"/>
  <testcase name="testKeySetRetainAll" classname="org.apache.commons.collections4.multimap.AbstractMultiValuedMapTest$TestMultiValuedMapAsMap" time="0"/>
  <testcase name="testKeySetIteratorRemoveChangesMap" classname="org.apache.commons.collections4.multimap.AbstractMultiValuedMapTest$TestMultiValuedMapAsMap" time="0"/>
  <testcase name="testEntrySetRemoveChangesMap" classname="org.apache.commons.collections4.multimap.AbstractMultiValuedMapTest$TestMultiValuedMapAsMap" time="0"/>
  <testcase name="testEntrySetRemoveAll" classname="org.apache.commons.collections4.multimap.AbstractMultiValuedMapTest$TestMultiValuedMapAsMap" time="0"/>
  <testcase name="testEntrySetRetainAll" classname="org.apache.commons.collections4.multimap.AbstractMultiValuedMapTest$TestMultiValuedMapAsMap" time="0"/>
  <testcase name="testEntrySetIteratorRemoveChangesMap" classname="org.apache.commons.collections4.multimap.AbstractMultiValuedMapTest$TestMultiValuedMapAsMap" time="0"/>
  <testcase name="testMapEntrySetIteratorEntrySetValue" classname="org.apache.commons.collections4.map.AbstractMapTest$TestMapEntrySet" time="0"/>
  <testcase name="testMapEntrySetIteratorEntry" classname="org.apache.commons.collections4.map.AbstractMapTest$TestMapEntrySet" time="0"/>
  <testcase name="testMapEntrySetRemoveNonMapEntry" classname="org.apache.commons.collections4.map.AbstractMapTest$TestMapEntrySet" time="0"/>
  <testcase name="testSetHashCode" classname="org.apache.commons.collections4.map.AbstractMapTest$TestMapEntrySet" time="0"/>
  <testcase name="testSetEquals" classname="org.apache.commons.collections4.map.AbstractMapTest$TestMapEntrySet" time="0.001"/>
  <testcase name="testSerializeDeserializeThenCompare" classname="org.apache.commons.collections4.map.AbstractMapTest$TestMapEntrySet" time="0"/>
  <testcase name="testCollectionAdd" classname="org.apache.commons.collections4.map.AbstractMapTest$TestMapEntrySet" time="0"/>
  <testcase name="testCollectionAddAll" classname="org.apache.commons.collections4.map.AbstractMapTest$TestMapEntrySet" time="0"/>
  <testcase name="testUnsupportedAdd" classname="org.apache.commons.collections4.map.AbstractMapTest$TestMapEntrySet" time="0"/>
  <testcase name="testCollectionClear" classname="org.apache.commons.collections4.map.AbstractMapTest$TestMapEntrySet" time="0"/>
  <testcase name="testCollectionContains" classname="org.apache.commons.collections4.map.AbstractMapTest$TestMapEntrySet" time="0.001"/>
  <testcase name="testCollectionContainsAll" classname="org.apache.commons.collections4.map.AbstractMapTest$TestMapEntrySet" time="0"/>
  <testcase name="testCollectionIsEmpty" classname="org.apache.commons.collections4.map.AbstractMapTest$TestMapEntrySet" time="0.001"/>
  <testcase name="testCollectionIterator" classname="org.apache.commons.collections4.map.AbstractMapTest$TestMapEntrySet" time="0"/>
  <testcase name="testCollectionIteratorRemove" classname="org.apache.commons.collections4.map.AbstractMapTest$TestMapEntrySet" time="0"/>
  <testcase name="testCollectionRemove" classname="org.apache.commons.collections4.map.AbstractMapTest$TestMapEntrySet" time="0.002"/>
  <testcase name="testCollectionRemoveAll" classname="org.apache.commons.collections4.map.AbstractMapTest$TestMapEntrySet" time="0.001"/>
  <testcase name="testCollectionRemoveIf" classname="org.apache.commons.collections4.map.AbstractMapTest$TestMapEntrySet" time="0"/>
  <testcase name="testCollectionRetainAll" classname="org.apache.commons.collections4.map.AbstractMapTest$TestMapEntrySet" time="0.001"/>
  <testcase name="testCollectionSize" classname="org.apache.commons.collections4.map.AbstractMapTest$TestMapEntrySet" time="0"/>
  <testcase name="testCollectionToArray" classname="org.apache.commons.collections4.map.AbstractMapTest$TestMapEntrySet" time="0"/>
  <testcase name="testCollectionToArray2" classname="org.apache.commons.collections4.map.AbstractMapTest$TestMapEntrySet" time="0.001"/>
  <testcase name="testCollectionToString" classname="org.apache.commons.collections4.map.AbstractMapTest$TestMapEntrySet" time="0"/>
  <testcase name="testUnsupportedRemove" classname="org.apache.commons.collections4.map.AbstractMapTest$TestMapEntrySet" time="0"/>
  <testcase name="testCollectionIteratorFailFast" classname="org.apache.commons.collections4.map.AbstractMapTest$TestMapEntrySet" time="0"/>
  <testcase name="testEqualsNull" classname="org.apache.commons.collections4.map.AbstractMapTest$TestMapEntrySet" time="0"/>
  <testcase name="testObjectEqualsSelf" classname="org.apache.commons.collections4.map.AbstractMapTest$TestMapEntrySet" time="0"/>
  <testcase name="testObjectHashCodeEqualsSelfHashCode" classname="org.apache.commons.collections4.map.AbstractMapTest$TestMapEntrySet" time="0"/>
  <testcase name="testObjectHashCodeEqualsContract" classname="org.apache.commons.collections4.map.AbstractMapTest$TestMapEntrySet" time="0"/>
  <testcase name="testSimpleSerialization" classname="org.apache.commons.collections4.map.AbstractMapTest$TestMapEntrySet" time="0"/>
  <testcase name="testCanonicalEmptyCollectionExists" classname="org.apache.commons.collections4.map.AbstractMapTest$TestMapEntrySet" time="0"/>
  <testcase name="testCanonicalFullCollectionExists" classname="org.apache.commons.collections4.map.AbstractMapTest$TestMapEntrySet" time="0"/>
  <testcase name="testSetHashCode" classname="org.apache.commons.collections4.map.AbstractMapTest$TestMapKeySet" time="0.001"/>
  <testcase name="testSetEquals" classname="org.apache.commons.collections4.map.AbstractMapTest$TestMapKeySet" time="0.001"/>
  <testcase name="testSerializeDeserializeThenCompare" classname="org.apache.commons.collections4.map.AbstractMapTest$TestMapKeySet" time="0"/>
  <testcase name="testCollectionAdd" classname="org.apache.commons.collections4.map.AbstractMapTest$TestMapKeySet" time="0"/>
  <testcase name="testCollectionAddAll" classname="org.apache.commons.collections4.map.AbstractMapTest$TestMapKeySet" time="0"/>
  <testcase name="testUnsupportedAdd" classname="org.apache.commons.collections4.map.AbstractMapTest$TestMapKeySet" time="0.001"/>
  <testcase name="testCollectionClear" classname="org.apache.commons.collections4.map.AbstractMapTest$TestMapKeySet" time="0"/>
  <testcase name="testCollectionContains" classname="org.apache.commons.collections4.map.AbstractMapTest$TestMapKeySet" time="0"/>
  <testcase name="testCollectionContainsAll" classname="org.apache.commons.collections4.map.AbstractMapTest$TestMapKeySet" time="0.001"/>
  <testcase name="testCollectionIsEmpty" classname="org.apache.commons.collections4.map.AbstractMapTest$TestMapKeySet" time="0"/>
  <testcase name="testCollectionIterator" classname="org.apache.commons.collections4.map.AbstractMapTest$TestMapKeySet" time="0"/>
  <testcase name="testCollectionIteratorRemove" classname="org.apache.commons.collections4.map.AbstractMapTest$TestMapKeySet" time="0.001"/>
  <testcase name="testCollectionRemove" classname="org.apache.commons.collections4.map.AbstractMapTest$TestMapKeySet" time="0.002"/>
  <testcase name="testCollectionRemoveAll" classname="org.apache.commons.collections4.map.AbstractMapTest$TestMapKeySet" time="0.011"/>
  <testcase name="testCollectionRemoveIf" classname="org.apache.commons.collections4.map.AbstractMapTest$TestMapKeySet" time="0"/>
  <testcase name="testCollectionRetainAll" classname="org.apache.commons.collections4.map.AbstractMapTest$TestMapKeySet" time="0"/>
  <testcase name="testCollectionSize" classname="org.apache.commons.collections4.map.AbstractMapTest$TestMapKeySet" time="0"/>
  <testcase name="testCollectionToArray" classname="org.apache.commons.collections4.map.AbstractMapTest$TestMapKeySet" time="0"/>
  <testcase name="testCollectionToArray2" classname="org.apache.commons.collections4.map.AbstractMapTest$TestMapKeySet" time="0.001"/>
  <testcase name="testCollectionToString" classname="org.apache.commons.collections4.map.AbstractMapTest$TestMapKeySet" time="0"/>
  <testcase name="testUnsupportedRemove" classname="org.apache.commons.collections4.map.AbstractMapTest$TestMapKeySet" time="0"/>
  <testcase name="testCollectionIteratorFailFast" classname="org.apache.commons.collections4.map.AbstractMapTest$TestMapKeySet" time="0"/>
  <testcase name="testEqualsNull" classname="org.apache.commons.collections4.map.AbstractMapTest$TestMapKeySet" time="0"/>
  <testcase name="testObjectEqualsSelf" classname="org.apache.commons.collections4.map.AbstractMapTest$TestMapKeySet" time="0"/>
  <testcase name="testObjectHashCodeEqualsSelfHashCode" classname="org.apache.commons.collections4.map.AbstractMapTest$TestMapKeySet" time="0"/>
  <testcase name="testObjectHashCodeEqualsContract" classname="org.apache.commons.collections4.map.AbstractMapTest$TestMapKeySet" time="0"/>
  <testcase name="testSimpleSerialization" classname="org.apache.commons.collections4.map.AbstractMapTest$TestMapKeySet" time="0"/>
  <testcase name="testCanonicalEmptyCollectionExists" classname="org.apache.commons.collections4.map.AbstractMapTest$TestMapKeySet" time="0"/>
  <testcase name="testCanonicalFullCollectionExists" classname="org.apache.commons.collections4.map.AbstractMapTest$TestMapKeySet" time="0"/>
  <testcase name="testSerializeDeserializeThenCompare" classname="org.apache.commons.collections4.map.AbstractMapTest$TestMapValues" time="0"/>
  <testcase name="testCollectionAdd" classname="org.apache.commons.collections4.map.AbstractMapTest$TestMapValues" time="0.001"/>
  <testcase name="testCollectionAddAll" classname="org.apache.commons.collections4.map.AbstractMapTest$TestMapValues" time="0"/>
  <testcase name="testUnsupportedAdd" classname="org.apache.commons.collections4.map.AbstractMapTest$TestMapValues" time="0"/>
  <testcase name="testCollectionClear" classname="org.apache.commons.collections4.map.AbstractMapTest$TestMapValues" time="0"/>
  <testcase name="testCollectionContains" classname="org.apache.commons.collections4.map.AbstractMapTest$TestMapValues" time="0.001"/>
  <testcase name="testCollectionContainsAll" classname="org.apache.commons.collections4.map.AbstractMapTest$TestMapValues" time="0"/>
  <testcase name="testCollectionIsEmpty" classname="org.apache.commons.collections4.map.AbstractMapTest$TestMapValues" time="0.001"/>
  <testcase name="testCollectionIterator" classname="org.apache.commons.collections4.map.AbstractMapTest$TestMapValues" time="0"/>
  <testcase name="testCollectionIteratorRemove" classname="org.apache.commons.collections4.map.AbstractMapTest$TestMapValues" time="0"/>
  <testcase name="testCollectionRemove" classname="org.apache.commons.collections4.map.AbstractMapTest$TestMapValues" time="0.001"/>
  <testcase name="testCollectionRemoveAll" classname="org.apache.commons.collections4.map.AbstractMapTest$TestMapValues" time="0.001"/>
  <testcase name="testCollectionRemoveIf" classname="org.apache.commons.collections4.map.AbstractMapTest$TestMapValues" time="0"/>
  <testcase name="testCollectionRetainAll" classname="org.apache.commons.collections4.map.AbstractMapTest$TestMapValues" time="0"/>
  <testcase name="testCollectionSize" classname="org.apache.commons.collections4.map.AbstractMapTest$TestMapValues" time="0"/>
  <testcase name="testCollectionToArray" classname="org.apache.commons.collections4.map.AbstractMapTest$TestMapValues" time="0.001"/>
  <testcase name="testCollectionToArray2" classname="org.apache.commons.collections4.map.AbstractMapTest$TestMapValues" time="0"/>
  <testcase name="testCollectionToString" classname="org.apache.commons.collections4.map.AbstractMapTest$TestMapValues" time="0"/>
  <testcase name="testUnsupportedRemove" classname="org.apache.commons.collections4.map.AbstractMapTest$TestMapValues" time="0"/>
  <testcase name="testCollectionIteratorFailFast" classname="org.apache.commons.collections4.map.AbstractMapTest$TestMapValues" time="0"/>
  <testcase name="testEqualsNull" classname="org.apache.commons.collections4.map.AbstractMapTest$TestMapValues" time="0"/>
  <testcase name="testObjectEqualsSelf" classname="org.apache.commons.collections4.map.AbstractMapTest$TestMapValues" time="0"/>
  <testcase name="testObjectHashCodeEqualsSelfHashCode" classname="org.apache.commons.collections4.map.AbstractMapTest$TestMapValues" time="0"/>
  <testcase name="testObjectHashCodeEqualsContract" classname="org.apache.commons.collections4.map.AbstractMapTest$TestMapValues" time="0"/>
  <testcase name="testSimpleSerialization" classname="org.apache.commons.collections4.map.AbstractMapTest$TestMapValues" time="0"/>
  <testcase name="testCanonicalEmptyCollectionExists" classname="org.apache.commons.collections4.map.AbstractMapTest$TestMapValues" time="0"/>
  <testcase name="testCanonicalFullCollectionExists" classname="org.apache.commons.collections4.map.AbstractMapTest$TestMapValues" time="0.001"/>
  <testcase name="testEqualsNull" classname="org.apache.commons.collections4.multimap.AbstractMultiValuedMapTest$TestMultiValuedMapAsMap" time="0"/>
  <testcase name="testObjectEqualsSelf" classname="org.apache.commons.collections4.multimap.AbstractMultiValuedMapTest$TestMultiValuedMapAsMap" time="0"/>
  <testcase name="testObjectHashCodeEqualsSelfHashCode" classname="org.apache.commons.collections4.multimap.AbstractMultiValuedMapTest$TestMultiValuedMapAsMap" time="0"/>
  <testcase name="testObjectHashCodeEqualsContract" classname="org.apache.commons.collections4.multimap.AbstractMultiValuedMapTest$TestMultiValuedMapAsMap" time="0"/>
  <testcase name="testSerializeDeserializeThenCompare" classname="org.apache.commons.collections4.multimap.AbstractMultiValuedMapTest$TestMultiValuedMapAsMap" time="0"/>
  <testcase name="testSimpleSerialization" classname="org.apache.commons.collections4.multimap.AbstractMultiValuedMapTest$TestMultiValuedMapAsMap" time="0"/>
  <testcase name="testCanonicalEmptyCollectionExists" classname="org.apache.commons.collections4.multimap.AbstractMultiValuedMapTest$TestMultiValuedMapAsMap" time="0"/>
  <testcase name="testCanonicalFullCollectionExists" classname="org.apache.commons.collections4.multimap.AbstractMultiValuedMapTest$TestMultiValuedMapAsMap" time="0"/>
  <testcase name="testEqualsNull" classname="org.apache.commons.collections4.multimap.HashSetValuedHashMapTest" time="0"/>
  <testcase name="testObjectEqualsSelf" classname="org.apache.commons.collections4.multimap.HashSetValuedHashMapTest" time="0"/>
  <testcase name="testObjectHashCodeEqualsSelfHashCode" classname="org.apache.commons.collections4.multimap.HashSetValuedHashMapTest" time="0"/>
  <testcase name="testObjectHashCodeEqualsContract" classname="org.apache.commons.collections4.multimap.HashSetValuedHashMapTest" time="0"/>
  <testcase name="testSerializeDeserializeThenCompare" classname="org.apache.commons.collections4.multimap.HashSetValuedHashMapTest" time="0.001"/>
  <testcase name="testSimpleSerialization" classname="org.apache.commons.collections4.multimap.HashSetValuedHashMapTest" time="0"/>
  <testcase name="testCanonicalEmptyCollectionExists" classname="org.apache.commons.collections4.multimap.HashSetValuedHashMapTest" time="0"/>
  <testcase name="testCanonicalFullCollectionExists" classname="org.apache.commons.collections4.multimap.HashSetValuedHashMapTest" time="0"/>
</testsuite>