<?xml version="1.0" encoding="UTF-8"?>
<testsuite xmlns:xsi="http://www.w3.org/2001/XMLSchema-instance" xsi:noNamespaceSchemaLocation="https://maven.apache.org/surefire/maven-surefire-plugin/xsd/surefire-test-report.xsd" name="org.apache.commons.collections4.list.CursorableLinkedListTest" time="0.077" tests="198" errors="0" skipped="0" failures="0">
  <properties>
[...]
</properties>
  <testcase name="testSet" classname="org.apache.commons.collections4.list.CursorableLinkedListTest" time="0.003"/>
  <testcase name="testEqualsAndHashCode" classname="org.apache.commons.collections4.list.CursorableLinkedListTest" time="0.001"/>
  <testcase name="testRetainAll" classname="org.apache.commons.collections4.list.CursorableLinkedListTest" time="0"/>
  <testcase name="testRemoveAll" classname="org.apache.commons.collections4.list.CursorableLinkedListTest" time="0"/>
  <testcase name="testGet" classname="org.apache.commons.collections4.list.CursorableLinkedListTest" time="0"/>
  <testcase name="testIndexOf" classname="org.apache.commons.collections4.list.CursorableLinkedListTest" time="0"/>
  <testcase name="testContains" classname="org.apache.commons.collections4.list.CursorableLinkedListTest" time="0"/>
  <testcase name="testContainsAll" classname="org.apache.commons.collections4.list.CursorableLinkedListTest" time="0"/>
  <testcase name="testAdd" classname="org.apache.commons.collections4.list.CursorableLinkedListTest" time="0"/>
  <testcase name="testListIteratorAdd" classname="org.apache.commons.collections4.list.CursorableLinkedListTest" time="0.001"/>
  <testcase name="testListIteratorSet" classname="org.apache.commons.collections4.list.CursorableLinkedListTest" time="0"/>
  <testcase name="testRemove" classname="org.apache.commons.collections4.list.CursorableLinkedListTest" time="0"/>
  <testcase name="testIterator" classname="org.apache.commons.collections4.list.CursorableLinkedListTest" time="0"/>
  <testcase name="testClear" classname="org.apache.commons.collections4.list.CursorableLinkedListTest" time="0.004"/>
  <testcase name="testIsEmpty" classname="org.apache.commons.collections4.list.CursorableLinkedListTest" time="0"/>
  <testcase name="testRemoveByIndex" classname="org.apache.commons.collections4.list.CursorableLinkedListTest" time="0"/>
  <testcase name="testToArray" classname="org.apache.commons.collections4.list.CursorableLinkedListTest" time="0"/>
  <testcase name="testCursorAdd" classname="org.apache.commons.collections4.list.CursorableLinkedListTest" time="0"/>
  <testcase name="testSubList" classname="org.apache.commons.collections4.list.CursorableLinkedListTest" time="0.001"/>
  <testcase name="testCursorRemove" classname="org.apache.commons.collections4.list.CursorableLinkedListTest" time="0.001"/>
  <testcase name="testCursorSet" classname="org.apache.commons.collections4.list.CursorableLinkedListTest" time="0"/>
  <testcase name="testCursorNavigation" classname="org.apache.commons.collections4.list.CursorableLinkedListTest" time="0"/>
  <testcase name="testInternalState_CursorNextRemoveIndex1ByList" classname="org.apache.commons.collections4.list.CursorableLinkedListTest" time="0"/>
  <testcase name="testCursorConcurrentModification" classname="org.apache.commons.collections4.list.CursorableLinkedListTest" time="0"/>
  <testcase name="testCursorNextIndexMid" classname="org.apache.commons.collections4.list.CursorableLinkedListTest" time="0"/>
  <testcase name="testCursorNextIndexFirst" classname="org.apache.commons.collections4.list.CursorableLinkedListTest" time="0"/>
  <testcase name="testCursorNextIndexAddBefore" classname="org.apache.commons.collections4.list.CursorableLinkedListTest" time="0"/>
  <testcase name="testCursorNextIndexAddNext" classname="org.apache.commons.collections4.list.CursorableLinkedListTest" time="0"/>
  <testcase name="testCursorNextIndexAddAfter" classname="org.apache.commons.collections4.list.CursorableLinkedListTest" time="0"/>
  <testcase name="testInternalState_CursorNextNextPreviousRemoveIndex1ByList" classname="org.apache.commons.collections4.list.CursorableLinkedListTest" time="0"/>
  <testcase name="testInternalState_CursorNextNextRemoveIndex1ByList" classname="org.apache.commons.collections4.list.CursorableLinkedListTest" time="0"/>
  <testcase name="testInternalState_CursorNextNextNextRemoveIndex1ByList" classname="org.apache.commons.collections4.list.CursorableLinkedListTest" time="0"/>
  <testcase name="testInternalState_CursorNextNextPreviousRemoveByIterator" classname="org.apache.commons.collections4.list.CursorableLinkedListTest" time="0"/>
  <testcase name="testInternalState_CursorNextNextRemoveByIterator" classname="org.apache.commons.collections4.list.CursorableLinkedListTest" time="0"/>
  <testcase name="testInternalState_CursorNextNextPreviousAddIndex1ByList" classname="org.apache.commons.collections4.list.CursorableLinkedListTest" time="0"/>
  <testcase name="testInternalState_CursorNextAddIndex1ByList" classname="org.apache.commons.collections4.list.CursorableLinkedListTest" time="0"/>
  <testcase name="testInternalState_CursorNextNextAddIndex1ByList" classname="org.apache.commons.collections4.list.CursorableLinkedListTest" time="0"/>
  <testcase name="testInternalState_CursorNextNextPreviousAddByIterator" classname="org.apache.commons.collections4.list.CursorableLinkedListTest" time="0"/>
  <testcase name="testInternalState_CursorNextNextAddByIterator" classname="org.apache.commons.collections4.list.CursorableLinkedListTest" time="0"/>
  <testcase name="testInternalState_CursorNextNextRemoveByListSetByIterator" classname="org.apache.commons.collections4.list.CursorableLinkedListTest" time="0"/>
  <testcase name="testInternalState_CursorNextNextPreviousSetByIterator" classname="org.apache.commons.collections4.list.CursorableLinkedListTest" time="0"/>
  <testcase name="testInternalState_CursorNextNextSetByIterator" classname="org.apache.commons.collections4.list.CursorableLinkedListTest" time="0"/>
  <testcase name="testListIteratorNavigation" classname="org.apache.commons.collections4.list.CursorableLinkedListTest" time="0"/>
  <testcase name="testListIteratorRemove" classname="org.apache.commons.collections4.list.CursorableLinkedListTest" time="0"/>
  <testcase name="testSubListAddEnd" classname="org.apache.commons.collections4.list.CursorableLinkedListTest" time="0.001"/>
  <testcase name="testSubListAddBegin" classname="org.apache.commons.collections4.list.CursorableLinkedListTest" time="0"/>
  <testcase name="testSubListAddMiddle" classname="org.apache.commons.collections4.list.CursorableLinkedListTest" time="0"/>
  <testcase name="testSubListRemove" classname="org.apache.commons.collections4.list.CursorableLinkedListTest" time="0"/>
  <testcase name="testSerialization" classname="org.apache.commons.collections4.list.CursorableLinkedListTest" time="0.001"/>
  <testcase name="testSerializationWithOpenCursor" classname="org.apache.commons.collections4.list.CursorableLinkedListTest" time="0"/>
  <testcase name="testLongSerialization" classname="org.apache.commons.collections4.list.CursorableLinkedListTest" time="0.028"/>
  <testcase name="testRemoveLast" classname="org.apache.commons.collections4.list.CursorableLinkedListTest" time="0"/>
  <testcase name="testRemoveFirst" classname="org.apache.commons.collections4.list.CursorableLinkedListTest" time="0"/>
  <testcase name="testAddNodeAfter" classname="org.apache.commons.collections4.list.CursorableLinkedListTest" time="0"/>
  <testcase name="testRemoveNode" classname="org.apache.commons.collections4.list.CursorableLinkedListTest" time="0"/>
  <testcase name="testGetNode" classname="org.apache.commons.collections4.list.CursorableLinkedListTest" time="0.001"/>
  <testcase name="testListAddByIndexBoundsChecking" classname="org.apache.commons.collections4.list.CursorableLinkedListTest" time="0"/>
  <testcase name="testListAddByIndexBoundsChecking2" classname="org.apache.commons.collections4.list.CursorableLinkedListTest" time="0"/>
  <testcase name="testListAddByIndex" classname="org.apache.commons.collections4.list.CursorableLinkedListTest" time="0.001"/>
  <testcase name="testListEquals" classname="org.apache.commons.collections4.list.CursorableLinkedListTest" time="0"/>
  <testcase name="testListHashCode" classname="org.apache.commons.collections4.list.CursorableLinkedListTest" time="0"/>
  <testcase name="testListGetByIndex" classname="org.apache.commons.collections4.list.CursorableLinkedListTest" time="0.001"/>
  <testcase name="testListGetByIndexBoundsChecking" classname="org.apache.commons.collections4.list.CursorableLinkedListTest" time="0"/>
  <testcase name="testListGetByIndexBoundsChecking2" classname="org.apache.commons.collections4.list.CursorableLinkedListTest" time="0"/>
  <testcase name="testListIndexOf" classname="org.apache.commons.collections4.list.CursorableLinkedListTest" time="0.001"/>
  <testcase name="testListLastIndexOf" classname="org.apache.commons.collections4.list.CursorableLinkedListTest" time="0.001"/>
  <testcase name="testListSetByIndexBoundsChecking" classname="org.apache.commons.collections4.list.CursorableLinkedListTest" time="0"/>
  <testcase name="testListSetByIndexBoundsChecking2" classname="org.apache.commons.collections4.list.CursorableLinkedListTest" time="0"/>
  <testcase name="testListSetByIndex" classname="org.apache.commons.collections4.list.CursorableLinkedListTest" time="0.001"/>
  <testcase name="testUnsupportedSet" classname="org.apache.commons.collections4.list.CursorableLinkedListTest" time="0"/>
  <testcase name="testListRemoveByIndexBoundsChecking" classname="org.apache.commons.collections4.list.CursorableLinkedListTest" time="0"/>
  <testcase name="testListRemoveByIndexBoundsChecking2" classname="org.apache.commons.collections4.list.CursorableLinkedListTest" time="0"/>
  <testcase name="testListRemoveByIndex" classname="org.apache.commons.collections4.list.CursorableLinkedListTest" time="0"/>
  <testcase name="testListListIterator" classname="org.apache.commons.collections4.list.CursorableLinkedListTest" time="0"/>
  <testcase name="testListListIteratorByIndex" classname="org.apache.commons.collections4.list.CursorableLinkedListTest" time="0.002"/>
  <testcase name="testListListIteratorPreviousRemoveNext" classname="org.apache.commons.collections4.list.CursorableLinkedListTest" time="0"/>
  <testcase name="testListListIteratorPreviousRemovePrevious" classname="org.apache.commons.collections4.list.CursorableLinkedListTest" time="0"/>
  <testcase name="testListListIteratorNextRemoveNext" classname="org.apache.commons.collections4.list.CursorableLinkedListTest" time="0"/>
  <testcase name="testListListIteratorNextRemovePrevious" classname="org.apache.commons.collections4.list.CursorableLinkedListTest" time="0"/>
  <testcase name="testEmptyListSerialization" classname="org.apache.commons.collections4.list.CursorableLinkedListTest" time="0"/>
  <testcase name="testFullListSerialization" classname="org.apache.commons.collections4.list.CursorableLinkedListTest" time="0"/>
  <testcase name="testEmptyListCompatibility" classname="org.apache.commons.collections4.list.CursorableLinkedListTest" time="0.001"/>
  <testcase name="testFullListCompatibility" classname="org.apache.commons.collections4.list.CursorableLinkedListTest" time="0"/>
  <testcase name="testListAddByIndexBoundsChecking" classname="org.apache.commons.collections4.list.AbstractListTest$BulkTestSubList" time="0"/>
  <testcase name="testListAddByIndexBoundsChecking2" classname="org.apache.commons.collections4.list.AbstractListTest$BulkTestSubList" time="0"/>
  <testcase name="testListAddByIndex" classname="org.apache.commons.collections4.list.AbstractListTest$BulkTestSubList" time="0.002"/>
  <testcase name="testListEquals" classname="org.apache.commons.collections4.list.AbstractListTest$BulkTestSubList" time="0"/>
  <testcase name="testListHashCode" classname="org.apache.commons.collections4.list.AbstractListTest$BulkTestSubList" time="0"/>
  <testcase name="testListGetByIndex" classname="org.apache.commons.collections4.list.AbstractListTest$BulkTestSubList" time="0.001"/>
  <testcase name="testListGetByIndexBoundsChecking" classname="org.apache.commons.collections4.list.AbstractListTest$BulkTestSubList" time="0"/>
  <testcase name="testListGetByIndexBoundsChecking2" classname="org.apache.commons.collections4.list.AbstractListTest$BulkTestSubList" time="0"/>
  <testcase name="testListIndexOf" classname="org.apache.commons.collections4.list.AbstractListTest$BulkTestSubList" time="0.002"/>
  <testcase name="testListLastIndexOf" classname="org.apache.commons.collections4.list.AbstractListTest$BulkTestSubList" time="0.001"/>
  <testcase name="testListSetByIndexBoundsChecking" classname="org.apache.commons.collections4.list.AbstractListTest$BulkTestSubList" time="0"/>
  <testcase name="testListSetByIndexBoundsChecking2" classname="org.apache.commons.collections4.list.AbstractListTest$BulkTestSubList" time="0"/>
  <testcase name="testListSetByIndex" classname="org.apache.commons.collections4.list.AbstractListTest$BulkTestSubList" time="0.001"/>
  <testcase name="testUnsupportedSet" classname="org.apache.commons.collections4.list.AbstractListTest$BulkTestSubList" time="0"/>
  <testcase name="testListRemoveByIndexBoundsChecking" classname="org.apache.commons.collections4.list.AbstractListTest$BulkTestSubList" time="0"/>
  <testcase name="testListRemoveByIndexBoundsChecking2" classname="org.apache.commons.collections4.list.AbstractListTest$BulkTestSubList" time="0"/>
  <testcase name="testListRemoveByIndex" classname="org.apache.commons.collections4.list.AbstractListTest$BulkTestSubList" time="0.001"/>
  <testcase name="testListListIterator" classname="org.apache.commons.collections4.list.AbstractListTest$BulkTestSubList" time="0"/>
  <testcase name="testListListIteratorByIndex" classname="org.apache.commons.collections4.list.AbstractListTest$BulkTestSubList" time="0"/>
  <testcase name="testListListIteratorPreviousRemoveNext" classname="org.apache.commons.collections4.list.AbstractListTest$BulkTestSubList" time="0"/>
  <testcase name="testListListIteratorPreviousRemovePrevious" classname="org.apache.commons.collections4.list.AbstractListTest$BulkTestSubList" time="0.001"/>
  <testcase name="testListListIteratorNextRemoveNext" classname="org.apache.commons.collections4.list.AbstractListTest$BulkTestSubList" time="0"/>
  <testcase name="testListListIteratorNextRemovePrevious" classname="org.apache.commons.collections4.list.AbstractListTest$BulkTestSubList" time="0"/>
  <testcase name="testListIteratorAdd" classname="org.apache.commons.collections4.list.AbstractListTest$BulkTestSubList" time="0.001"/>
  <testcase name="testListIteratorSet" classname="org.apache.commons.collections4.list.AbstractListTest$BulkTestSubList" time="0.001"/>
  <testcase name="testListSubListFailFastOnAdd" classname="org.apache.commons.collections4.list.AbstractListTest$BulkTestSubList" time="0"/>
  <testcase name="testListSubListFailFastOnRemove" classname="org.apache.commons.collections4.list.AbstractListTest$BulkTestSubList" time="0"/>
  <testcase name="testSet" classname="org.apache.commons.collections4.list.AbstractListTest$TestListIterator" time="0"/>
  <testcase name="testSet" classname="org.apache.commons.collections4.list.AbstractListTest$TestListIterator" time="0"/>
  <testcase name="testEmptyListIteratorIsIndeedEmpty" classname="org.apache.commons.collections4.list.AbstractListTest$TestListIterator" time="0"/>
  <testcase name="testEmptyListIteratorIsIndeedEmpty" classname="org.apache.commons.collections4.list.AbstractListTest$TestListIterator" time="0"/>
  <testcase name="testWalkForwardAndBack" classname="org.apache.commons.collections4.list.AbstractListTest$TestListIterator" time="0"/>
  <testcase name="testWalkForwardAndBack" classname="org.apache.commons.collections4.list.AbstractListTest$TestListIterator" time="0.001"/>
  <testcase name="testAdd" classname="org.apache.commons.collections4.list.AbstractListTest$TestListIterator" time="0"/>
  <testcase name="testAdd" classname="org.apache.commons.collections4.list.AbstractListTest$TestListIterator" time="0"/>
  <testcase name="testRemoveThenSet" classname="org.apache.commons.collections4.list.AbstractListTest$TestListIterator" time="0"/>
  <testcase name="testRemoveThenSet" classname="org.apache.commons.collections4.list.AbstractListTest$TestListIterator" time="0"/>
  <testcase name="testAddThenSet" classname="org.apache.commons.collections4.list.AbstractListTest$TestListIterator" time="0"/>
  <testcase name="testAddThenSet" classname="org.apache.commons.collections4.list.AbstractListTest$TestListIterator" time="0"/>
  <testcase name="testAddThenRemove" classname="org.apache.commons.collections4.list.AbstractListTest$TestListIterator" time="0"/>
  <testcase name="testAddThenRemove" classname="org.apache.commons.collections4.list.AbstractListTest$TestListIterator" time="0"/>
  <testcase name="testFullIterator" classname="org.apache.commons.collections4.list.AbstractListTest$TestListIterator" time="0"/>
  <testcase name="testFullIterator" classname="org.apache.commons.collections4.list.AbstractListTest$TestListIterator" time="0"/>
  <testcase name="testEmptyIterator" classname="org.apache.commons.collections4.list.AbstractListTest$TestListIterator" time="0"/>
  <testcase name="testEmptyIterator" classname="org.apache.commons.collections4.list.AbstractListTest$TestListIterator" time="0"/>
  <testcase name="testRemove" classname="org.apache.commons.collections4.list.AbstractListTest$TestListIterator" time="0"/>
  <testcase name="testRemove" classname="org.apache.commons.collections4.list.AbstractListTest$TestListIterator" time="0"/>
  <testcase name="testEqualsNull" classname="org.apache.commons.collections4.list.AbstractListTest$TestListIterator" time="0"/>
  <testcase name="testEqualsNull" classname="org.apache.commons.collections4.list.AbstractListTest$TestListIterator" time="0"/>
  <testcase name="testObjectEqualsSelf" classname="org.apache.commons.collections4.list.AbstractListTest$TestListIterator" time="0"/>
  <testcase name="testObjectEqualsSelf" classname="org.apache.commons.collections4.list.AbstractListTest$TestListIterator" time="0.001"/>
  <testcase name="testObjectHashCodeEqualsSelfHashCode" classname="org.apache.commons.collections4.list.AbstractListTest$TestListIterator" time="0"/>
  <testcase name="testObjectHashCodeEqualsSelfHashCode" classname="org.apache.commons.collections4.list.AbstractListTest$TestListIterator" time="0"/>
  <testcase name="testObjectHashCodeEqualsContract" classname="org.apache.commons.collections4.list.AbstractListTest$TestListIterator" time="0"/>
  <testcase name="testObjectHashCodeEqualsContract" classname="org.apache.commons.collections4.list.AbstractListTest$TestListIterator" time="0"/>
  <testcase name="testSerializeDeserializeThenCompare" classname="org.apache.commons.collections4.list.AbstractListTest$TestListIterator" time="0"/>
  <testcase name="testSerializeDeserializeThenCompare" classname="org.apache.commons.collections4.list.AbstractListTest$TestListIterator" time="0"/>
  <testcase name="testSimpleSerialization" classname="org.apache.commons.collections4.list.AbstractListTest$TestListIterator" time="0"/>
  <testcase name="testSimpleSerialization" classname="org.apache.commons.collections4.list.AbstractListTest$TestListIterator" time="0"/>
  <testcase name="testCanonicalEmptyCollectionExists" classname="org.apache.commons.collections4.list.AbstractListTest$TestListIterator" time="0"/>
  <testcase name="testCanonicalEmptyCollectionExists" classname="org.apache.commons.collections4.list.AbstractListTest$TestListIterator" time="0"/>
  <testcase name="testCanonicalFullCollectionExists" classname="org.apache.commons.collections4.list.AbstractListTest$TestListIterator" time="0"/>
  <testcase name="testCanonicalFullCollectionExists" classname="org.apache.commons.collections4.list.AbstractListTest$TestListIterator" time="0"/>
  <testcase name="testCollectionAdd" classname="org.apache.commons.collections4.list.AbstractListTest$BulkTestSubList" time="0.001"/>
  <testcase name="testCollectionAddAll" classname="org.apache.commons.collections4.list.AbstractListTest$BulkTestSubList" time="0"/>
  <testcase name="testUnsupportedAdd" classname="org.apache.commons.collections4.list.AbstractListTest$BulkTestSubList" time="0"/>
  <testcase name="testCollectionClear" classname="org.apache.commons.collections4.list.AbstractListTest$BulkTestSubList" time="0"/>
  <testcase name="testCollectionContains" classname="org.apache.commons.collections4.list.AbstractListTest$BulkTestSubList" time="0"/>
  <testcase name="testCollectionContainsAll" classname="org.apache.commons.collections4.list.AbstractListTest$BulkTestSubList" time="0.001"/>
  <testcase name="testCollectionIsEmpty" classname="org.apache.commons.collections4.list.AbstractListTest$BulkTestSubList" time="0"/>
  <testcase name="testCollectionIterator" classname="org.apache.commons.collections4.list.AbstractListTest$BulkTestSubList" time="0"/>
  <testcase name="testCollectionIteratorRemove" classname="org.apache.commons.collections4.list.AbstractListTest$BulkTestSubList" time="0"/>
  <testcase name="testCollectionRemove" classname="org.apache.commons.collections4.list.AbstractListTest$BulkTestSubList" time="0.001"/>
  <testcase name="testCollectionRemoveAll" classname="org.apache.commons.collections4.list.AbstractListTest$BulkTestSubList" time="0"/>
  <testcase name="testCollectionRemoveIf" classname="org.apache.commons.collections4.list.AbstractListTest$BulkTestSubList" time="0"/>
  <testcase name="testCollectionRetainAll" classname="org.apache.commons.collections4.list.AbstractListTest$BulkTestSubList" time="0"/>
  <testcase name="testCollectionSize" classname="org.apache.commons.collections4.list.AbstractListTest$BulkTestSubList" time="0"/>
  <testcase name="testCollectionToArray" classname="org.apache.commons.collections4.list.AbstractListTest$BulkTestSubList" time="0"/>
  <testcase name="testCollectionToArray2" classname="org.apache.commons.collections4.list.AbstractListTest$BulkTestSubList" time="0"/>
  <testcase name="testCollectionToString" classname="org.apache.commons.collections4.list.AbstractListTest$BulkTestSubList" time="0"/>
  <testcase name="testUnsupportedRemove" classname="org.apache.commons.collections4.list.AbstractListTest$BulkTestSubList" time="0"/>
  <testcase name="testCollectionIteratorFailFast" classname="org.apache.commons.collections4.list.AbstractListTest$BulkTestSubList" time="0"/>
  <testcase name="testEqualsNull" classname="org.apache.commons.collections4.list.AbstractListTest$BulkTestSubList" time="0"/>
  <testcase name="testObjectEqualsSelf" classname="org.apache.commons.collections4.list.AbstractListTest$BulkTestSubList" time="0"/>
  <testcase name="testObjectHashCodeEqualsSelfHashCode" classname="org.apache.commons.collections4.list.AbstractListTest$BulkTestSubList" time="0"/>
  <testcase name="testObjectHashCodeEqualsContract" classname="org.apache.commons.collections4.list.AbstractListTest$BulkTestSubList" time="0"/>
  <testcase name="testListSubListFailFastOnAdd" classname="org.apache.commons.collections4.list.CursorableLinkedListTest" time="0"/>
  <testcase name="testListSubListFailFastOnRemove" classname="org.apache.commons.collections4.list.CursorableLinkedListTest" time="0"/>
  <testcase name="testSerializeDeserializeThenCompare" classname="org.apache.commons.collections4.list.CursorableLinkedListTest" time="0"/>
  <testcase name="testCollectionAdd" classname="org.apache.commons.collections4.list.CursorableLinkedListTest" time="0.001"/>
  <testcase name="testCollectionAddAll" classname="org.apache.commons.collections4.list.CursorableLinkedListTest" time="0"/>
  <testcase name="testUnsupportedAdd" classname="org.apache.commons.collections4.list.CursorableLinkedListTest" time="0"/>
  <testcase name="testCollectionClear" classname="org.apache.commons.collections4.list.CursorableLinkedListTest" time="0"/>
  <testcase name="testCollectionContains" classname="org.apache.commons.collections4.list.CursorableLinkedListTest" time="0"/>
  <testcase name="testCollectionContainsAll" classname="org.apache.commons.collections4.list.CursorableLinkedListTest" time="0.001"/>
  <testcase name="testCollectionIsEmpty" classname="org.apache.commons.collections4.list.CursorableLinkedListTest" time="0"/>
  <testcase name="testCollectionIterator" classname="org.apache.commons.collections4.list.CursorableLinkedListTest" time="0"/>
  <testcase name="testCollectionIteratorRemove" classname="org.apache.commons.collections4.list.CursorableLinkedListTest" time="0"/>
  <testcase name="testCollectionRemove" classname="org.apache.commons.collections4.list.CursorableLinkedListTest" time="0.001"/>
  <testcase name="testCollectionRemoveAll" classname="org.apache.commons.collections4.list.CursorableLinkedListTest" time="0"/>
  <testcase name="testCollectionRemoveIf" classname="org.apache.commons.collections4.list.CursorableLinkedListTest" time="0"/>
  <testcase name="testCollectionRetainAll" classname="org.apache.commons.collections4.list.CursorableLinkedListTest" time="0"/>
  <testcase name="testCollectionSize" classname="org.apache.commons.collections4.list.CursorableLinkedListTest" time="0"/>
  <testcase name="testCollectionToArray" classname="org.apache.commons.collections4.list.CursorableLinkedListTest" time="0"/>
  <testcase name="testCollectionToArray2" classname="org.apache.commons.collections4.list.CursorableLinkedListTest" time="0"/>
  <testcase name="testCollectionToString" classname="org.apache.commons.collections4.list.CursorableLinkedListTest" time="0"/>
  <testcase name="testUnsupportedRemove" classname="org.apache.commons.collections4.list.CursorableLinkedListTest" time="0"/>
  <testcase name="testCollectionIteratorFailFast" classname="org.apache.commons.collections4.list.CursorableLinkedListTest" time="0.001"/>
  <testcase name="testEqualsNull" classname="org.apache.commons.collections4.list.CursorableLinkedListTest" time="0"/>
  <testcase name="testObjectEqualsSelf" classname="org.apache.commons.collections4.list.CursorableLinkedListTest" time="0"/>
  <testcase name="testObjectHashCodeEqualsSelfHashCode" classname="org.apache.commons.collections4.list.CursorableLinkedListTest" time="0"/>
  <testcase name="testObjectHashCodeEqualsContract" classname="org.apache.commons.collections4.list.CursorableLinkedListTest" time="0"/>
  <testcase name="testSimpleSerialization" classname="org.apache.commons.collections4.list.CursorableLinkedListTest" time="0"/>
  <testcase name="testCanonicalEmptyCollectionExists" classname="org.apache.commons.collections4.list.CursorableLinkedListTest" time="0"/>
  <testcase name="testCanonicalFullCollectionExists" classname="org.apache.commons.collections4.list.CursorableLinkedListTest" time="0"/>
</testsuite>