<?xml version="1.0" encoding="UTF-8"?>
<testsuite xmlns:xsi="http://www.w3.org/2001/XMLSchema-instance" xsi:schemaLocation="https://maven.apache.org/surefire/maven-surefire-plugin/xsd/surefire-test-report.xsd" name="org.apache.commons.net.ftp.FTPClientTest" time="0.045" tests="11" errors="0" skipped="0" failures="0">
  <properties>
[...]
</properties>
  <testcase name="testParsePassiveModeReplyForLocalAddressWithoutNatWorkaroundStrategy" classname="org.apache.commons.net.ftp.FTPClientTest" time="0"/>
  <testcase name="testParseClient" classname="org.apache.commons.net.ftp.FTPClientTest" time="0"/>
  <testcase name="testParsePassiveModeReplyForNonLocalAddressWithoutNatWorkaroundStrategy" classname="org.apache.commons.net.ftp.FTPClientTest" time="0"/>
  <testcase name="testParserCachingWithKey" classname="org.apache.commons.net.ftp.FTPClientTest" time="0.032"/>
  <testcase name="testParsePassiveModeReplyForLocalAddressWithNatWorkaround" classname="org.apache.commons.net.ftp.FTPClientTest" time="0"/>
  <testcase name="testParsePassiveModeReplyForNonLocalAddressWithNatWorkaround" classname="org.apache.commons.net.ftp.FTPClientTest" time="0"/>
  <testcase name="testParsePassiveModeReplyForLocalAddressWithSimpleNatWorkaroundStrategy" classname="org.apache.commons.net.ftp.FTPClientTest" time="0.001"/>
  <testcase name="testParserCachingNullKey" classname="org.apache.commons.net.ftp.FTPClientTest" time="0.002"/>
  <testcase name="testUnparseableFiles" classname="org.apache.commons.net.ftp.FTPClientTest" time="0.005"/>
  <testcase name="testParsePassiveModeReplyForNonLocalAddressWithNatWorkaroundDisabled" classname="org.apache.commons.net.ftp.FTPClientTest" time="0"/>
  <testcase name="testParsePassiveModeReplyForLocalAddressWithNatWorkaroundDisabled" classname="org.apache.commons.net.ftp.FTPClientTest" time="0.001"/>
</testsuite>